35.6736 	WARNING 	User requested fullscreen with size [1024  768], but screen is actually [2880, 1920]. Using actual size
36.5942 	EXP 	Created window1 = Window(allowGUI=False, allowStencil=False, autoLog=True, backendConf=UNKNOWN, backgroundFit=<method-wrapper '__getattribute__' of attributeSetter object at 0x0000028870B1D960>, backgroundImage=<method-wrapper '__getattribute__' of attributeSetter object at 0x0000028870B1D9C0>, bitsMode=UNKNOWN, blendMode='avg', bpc=(8, 8, 8), color=array([0, 0, 0]), colorSpace='rgb', depthBits=8, fullscr=True, gamma=None, gammaErrorPolicy='raise', infoMsg=UNKNOWN, lms=UNKNOWN, monitor=<psychopy.monitors.calibTools.Monitor object at 0x0000028870BF18D0>, multiSample=False, name='window1', numSamples=2, pos=[0.0, 0.0], screen=0, size=array([2880, 1920]), stencilBits=0, stereo=False, title='PsychoPy', units='height', useFBO=True, useRetina=False, viewOri=0.0, viewPos=None, viewScale=None, waitBlanking=True, winType='pyglet')
36.5942 	EXP 	window1: backgroundImage = ''
36.5942 	EXP 	window1: backgroundFit = 'none'
36.7572 	EXP 	window1: Attempting to measure frame rate of screen (0) ...
36.7572 	EXP 	window1: recordFrameIntervals = False
36.8922 	EXP 	window1: recordFrameIntervals = True
37.0761 	EXP 	Screen (0) actual frame rate measured at 60.08Hz
37.0762 	EXP 	window1: recordFrameIntervals = False
40.4445 	EXP 	restAudioBookTask: status = STARTED
40.5660 	EXP 	Created instructionText = TextStim(__class__=<class 'psychopy.visual.text.TextStim'>, alignHoriz=method-wrapper(...), alignText='center', alignVert=method-wrapper(...), anchorHoriz='center', anchorVert='center', antialias=True, autoDraw=False, autoLog=True, bold=False, color=array([1., 1., 1.]), colorSpace='rgb', contrast=1.0, depth=0.0, draggable=False, flipHoriz=False, flipVert=False, font='Open Sans', fontFiles=[], height=0.05, italic=False, languageStyle='LTR', name='instructionText', opacity=1, ori=0.0, pos=array([0., 0.]), rgb=UNKNOWN, text=str(...), units='height', win=Window(...), wrapWidth=1)
40.9101 	EXP 	Sound audioRecording set volume 1.000
40.9115 	EXP 	Created blackPhotoDiodeBox = Rect(__class__=<class 'psychopy.visual.rect.Rect'>, anchor=('center', 'center'), autoDraw=False, autoLog=True, closeShape=True, color=method-wrapper(...), colorSpace='rgb', contrast=None, depth=-5.0, draggable=False, fillColor=array([-1, -1, -1]), fillColorSpace='rgb', fillRGB=array([-1, -1, -1]), interpolate=True, lineColor=array([-1., -1., -1.]), lineColorSpace='rgb', lineRGB=array([-1, -1, -1]), lineWidth=1.0, name='blackPhotoDiodeBox', opacity=1, ori=0.0, pos=array([-0.7 ,  0.45]), size=array([0.1, 0.1]), units='height', vertices=ndarray(...), win=Window(...))
40.9131 	EXP 	Created whitePhotoDiode_1 = Rect(__class__=<class 'psychopy.visual.rect.Rect'>, anchor=('center', 'center'), autoDraw=False, autoLog=True, closeShape=True, color=method-wrapper(...), colorSpace='rgb', contrast=None, depth=-6.0, draggable=False, fillColor=array([1, 1, 1]), fillColorSpace='rgb', fillRGB=array([1, 1, 1]), interpolate=True, lineColor=array([0., 0., 0.]), lineColorSpace='rgb', lineRGB=array([0, 0, 0]), lineWidth=1.0, name='whitePhotoDiode_1', opacity=1, ori=0.0, pos=array([-0.7 ,  0.45]), size=array([0.1, 0.1]), units='height', vertices=ndarray(...), win=Window(...))
40.9200 	EXP 	Created text = TextStim(__class__=<class 'psychopy.visual.text.TextStim'>, alignHoriz=method-wrapper(...), alignText='center', alignVert=method-wrapper(...), anchorHoriz='center', anchorVert='center', antialias=True, autoDraw=False, autoLog=True, bold=False, color=array([1., 1., 1.]), colorSpace='rgb', contrast=1.0, depth=0.0, draggable=False, flipHoriz=False, flipVert=False, font='Open Sans', fontFiles=[], height=0.05, italic=False, languageStyle='LTR', name='text', opacity=1, ori=0.0, pos=array([0., 0.]), rgb=UNKNOWN, text='Thank you for participating :)', units='height', win=Window(...), wrapWidth=1)
0.0083 	EXP 	instructionText: autoDraw = True
442.3687 	DATA 	Keypress: space
442.5695 	EXP 	Sound audioRecording reached end of file
442.5717 	EXP 	Sound audioRecording started
442.5732 	EXP 	instructionText: autoDraw = False
442.5732 	EXP 	whitePhotoDiode_1: fillColor = <psychopy.colors.Color: white, alpha=1.0>
442.5732 	EXP 	blackPhotoDiodeBox: autoDraw = True
444.3884 	EXP 	whitePhotoDiode_1: autoDraw = True
444.5881 	EXP 	whitePhotoDiode_1: autoDraw = False
446.5717 	EXP 	whitePhotoDiode_1: autoDraw = True
446.7714 	EXP 	whitePhotoDiode_1: autoDraw = False
449.3883 	EXP 	whitePhotoDiode_1: autoDraw = True
449.5882 	EXP 	whitePhotoDiode_1: autoDraw = False
452.0217 	EXP 	whitePhotoDiode_1: autoDraw = True
452.2216 	EXP 	whitePhotoDiode_1: autoDraw = False
454.3216 	EXP 	whitePhotoDiode_1: autoDraw = True
454.5216 	EXP 	whitePhotoDiode_1: autoDraw = False
456.6216 	EXP 	whitePhotoDiode_1: autoDraw = True
456.8216 	EXP 	whitePhotoDiode_1: autoDraw = False
459.0049 	EXP 	whitePhotoDiode_1: autoDraw = True
459.2046 	EXP 	whitePhotoDiode_1: autoDraw = False
461.5547 	EXP 	whitePhotoDiode_1: autoDraw = True
461.7548 	EXP 	whitePhotoDiode_1: autoDraw = False
463.9217 	EXP 	whitePhotoDiode_1: autoDraw = True
464.1216 	EXP 	whitePhotoDiode_1: autoDraw = False
465.9384 	EXP 	whitePhotoDiode_1: autoDraw = True
466.1383 	EXP 	whitePhotoDiode_1: autoDraw = False
468.5714 	EXP 	whitePhotoDiode_1: autoDraw = True
468.7719 	EXP 	whitePhotoDiode_1: autoDraw = False
470.9716 	EXP 	whitePhotoDiode_1: autoDraw = True
471.1716 	EXP 	whitePhotoDiode_1: autoDraw = False
473.8217 	EXP 	whitePhotoDiode_1: autoDraw = True
474.0216 	EXP 	whitePhotoDiode_1: autoDraw = False
476.0047 	EXP 	whitePhotoDiode_1: autoDraw = True
476.2049 	EXP 	whitePhotoDiode_1: autoDraw = False
478.6883 	EXP 	whitePhotoDiode_1: autoDraw = True
478.8880 	EXP 	whitePhotoDiode_1: autoDraw = False
481.1548 	EXP 	whitePhotoDiode_1: autoDraw = True
481.3550 	EXP 	whitePhotoDiode_1: autoDraw = False
483.8719 	EXP 	whitePhotoDiode_1: autoDraw = True
484.0718 	EXP 	whitePhotoDiode_1: autoDraw = False
486.1382 	EXP 	whitePhotoDiode_1: autoDraw = True
486.3387 	EXP 	whitePhotoDiode_1: autoDraw = False
488.1883 	EXP 	whitePhotoDiode_1: autoDraw = True
488.3880 	EXP 	whitePhotoDiode_1: autoDraw = False
490.2547 	EXP 	whitePhotoDiode_1: autoDraw = True
490.4549 	EXP 	whitePhotoDiode_1: autoDraw = False
493.1548 	EXP 	whitePhotoDiode_1: autoDraw = True
493.3549 	EXP 	whitePhotoDiode_1: autoDraw = False
495.6218 	EXP 	whitePhotoDiode_1: autoDraw = True
495.8214 	EXP 	whitePhotoDiode_1: autoDraw = False
498.2048 	EXP 	whitePhotoDiode_1: autoDraw = True
498.4049 	EXP 	whitePhotoDiode_1: autoDraw = False
500.3549 	EXP 	whitePhotoDiode_1: autoDraw = True
500.5550 	EXP 	whitePhotoDiode_1: autoDraw = False
502.3883 	EXP 	whitePhotoDiode_1: autoDraw = True
502.5883 	EXP 	whitePhotoDiode_1: autoDraw = False
504.8216 	EXP 	whitePhotoDiode_1: autoDraw = True
505.0215 	EXP 	whitePhotoDiode_1: autoDraw = False
506.9883 	EXP 	whitePhotoDiode_1: autoDraw = True
507.1883 	EXP 	whitePhotoDiode_1: autoDraw = False
509.1716 	EXP 	whitePhotoDiode_1: autoDraw = True
509.3715 	EXP 	whitePhotoDiode_1: autoDraw = False
511.7548 	EXP 	whitePhotoDiode_1: autoDraw = True
511.9547 	EXP 	whitePhotoDiode_1: autoDraw = False
514.4216 	EXP 	whitePhotoDiode_1: autoDraw = True
514.6215 	EXP 	whitePhotoDiode_1: autoDraw = False
517.4048 	EXP 	whitePhotoDiode_1: autoDraw = True
517.6046 	EXP 	whitePhotoDiode_1: autoDraw = False
520.0213 	EXP 	whitePhotoDiode_1: autoDraw = True
520.2215 	EXP 	whitePhotoDiode_1: autoDraw = False
522.5215 	EXP 	whitePhotoDiode_1: autoDraw = True
522.7215 	EXP 	whitePhotoDiode_1: autoDraw = False
525.3716 	EXP 	whitePhotoDiode_1: autoDraw = True
525.5716 	EXP 	whitePhotoDiode_1: autoDraw = False
527.9882 	EXP 	whitePhotoDiode_1: autoDraw = True
528.1884 	EXP 	whitePhotoDiode_1: autoDraw = False
530.4884 	EXP 	whitePhotoDiode_1: autoDraw = True
530.6882 	EXP 	whitePhotoDiode_1: autoDraw = False
533.0883 	EXP 	whitePhotoDiode_1: autoDraw = True
533.2886 	EXP 	whitePhotoDiode_1: autoDraw = False
535.3217 	EXP 	whitePhotoDiode_1: autoDraw = True
535.5214 	EXP 	whitePhotoDiode_1: autoDraw = False
538.1882 	EXP 	whitePhotoDiode_1: autoDraw = True
538.3882 	EXP 	whitePhotoDiode_1: autoDraw = False
540.7384 	EXP 	whitePhotoDiode_1: autoDraw = True
540.9384 	EXP 	whitePhotoDiode_1: autoDraw = False
543.6713 	EXP 	whitePhotoDiode_1: autoDraw = True
543.8717 	EXP 	whitePhotoDiode_1: autoDraw = False
545.8715 	EXP 	whitePhotoDiode_1: autoDraw = True
546.0714 	EXP 	whitePhotoDiode_1: autoDraw = False
547.9382 	EXP 	whitePhotoDiode_1: autoDraw = True
548.1385 	EXP 	whitePhotoDiode_1: autoDraw = False
550.0051 	EXP 	whitePhotoDiode_1: autoDraw = True
550.2046 	EXP 	whitePhotoDiode_1: autoDraw = False
552.6716 	EXP 	whitePhotoDiode_1: autoDraw = True
552.8716 	EXP 	whitePhotoDiode_1: autoDraw = False
555.3381 	EXP 	whitePhotoDiode_1: autoDraw = True
555.5385 	EXP 	whitePhotoDiode_1: autoDraw = False
558.1219 	EXP 	whitePhotoDiode_1: autoDraw = True
558.3215 	EXP 	whitePhotoDiode_1: autoDraw = False
560.9550 	EXP 	whitePhotoDiode_1: autoDraw = True
561.1547 	EXP 	whitePhotoDiode_1: autoDraw = False
563.4546 	EXP 	whitePhotoDiode_1: autoDraw = True
563.6547 	EXP 	whitePhotoDiode_1: autoDraw = False
565.5048 	EXP 	whitePhotoDiode_1: autoDraw = True
565.7046 	EXP 	whitePhotoDiode_1: autoDraw = False
568.3882 	EXP 	whitePhotoDiode_1: autoDraw = True
568.5882 	EXP 	whitePhotoDiode_1: autoDraw = False
570.8381 	EXP 	whitePhotoDiode_1: autoDraw = True
571.0383 	EXP 	whitePhotoDiode_1: autoDraw = False
572.8884 	EXP 	whitePhotoDiode_1: autoDraw = True
573.0879 	EXP 	whitePhotoDiode_1: autoDraw = False
575.8546 	EXP 	whitePhotoDiode_1: autoDraw = True
576.0550 	EXP 	whitePhotoDiode_1: autoDraw = False
578.1548 	EXP 	whitePhotoDiode_1: autoDraw = True
578.3546 	EXP 	whitePhotoDiode_1: autoDraw = False
580.7217 	EXP 	whitePhotoDiode_1: autoDraw = True
580.9215 	EXP 	whitePhotoDiode_1: autoDraw = False
582.7549 	EXP 	whitePhotoDiode_1: autoDraw = True
582.9552 	EXP 	whitePhotoDiode_1: autoDraw = False
585.1886 	EXP 	whitePhotoDiode_1: autoDraw = True
585.3883 	EXP 	whitePhotoDiode_1: autoDraw = False
587.7879 	EXP 	whitePhotoDiode_1: autoDraw = True
587.9882 	EXP 	whitePhotoDiode_1: autoDraw = False
590.6882 	EXP 	whitePhotoDiode_1: autoDraw = True
590.8884 	EXP 	whitePhotoDiode_1: autoDraw = False
593.1713 	EXP 	whitePhotoDiode_1: autoDraw = True
593.3713 	EXP 	whitePhotoDiode_1: autoDraw = False
595.4883 	EXP 	whitePhotoDiode_1: autoDraw = True
595.6880 	EXP 	whitePhotoDiode_1: autoDraw = False
597.8381 	EXP 	whitePhotoDiode_1: autoDraw = True
598.0382 	EXP 	whitePhotoDiode_1: autoDraw = False
599.8548 	EXP 	whitePhotoDiode_1: autoDraw = True
600.0549 	EXP 	whitePhotoDiode_1: autoDraw = False
601.9546 	EXP 	whitePhotoDiode_1: autoDraw = True
602.1550 	EXP 	whitePhotoDiode_1: autoDraw = False
604.2381 	EXP 	whitePhotoDiode_1: autoDraw = True
604.4385 	EXP 	whitePhotoDiode_1: autoDraw = False
606.2881 	EXP 	whitePhotoDiode_1: autoDraw = True
606.4879 	EXP 	whitePhotoDiode_1: autoDraw = False
608.5214 	EXP 	whitePhotoDiode_1: autoDraw = True
608.7215 	EXP 	whitePhotoDiode_1: autoDraw = False
611.4884 	EXP 	whitePhotoDiode_1: autoDraw = True
611.6886 	EXP 	whitePhotoDiode_1: autoDraw = False
613.6714 	EXP 	whitePhotoDiode_1: autoDraw = True
613.8714 	EXP 	whitePhotoDiode_1: autoDraw = False
616.6214 	EXP 	whitePhotoDiode_1: autoDraw = True
616.8215 	EXP 	whitePhotoDiode_1: autoDraw = False
619.0214 	EXP 	whitePhotoDiode_1: autoDraw = True
619.2215 	EXP 	whitePhotoDiode_1: autoDraw = False
621.8219 	EXP 	whitePhotoDiode_1: autoDraw = True
622.0215 	EXP 	whitePhotoDiode_1: autoDraw = False
624.5047 	EXP 	whitePhotoDiode_1: autoDraw = True
624.7049 	EXP 	whitePhotoDiode_1: autoDraw = False
626.5217 	EXP 	whitePhotoDiode_1: autoDraw = True
626.7213 	EXP 	whitePhotoDiode_1: autoDraw = False
628.6215 	EXP 	whitePhotoDiode_1: autoDraw = True
628.8216 	EXP 	whitePhotoDiode_1: autoDraw = False
631.3212 	EXP 	whitePhotoDiode_1: autoDraw = True
631.5217 	EXP 	whitePhotoDiode_1: autoDraw = False
633.5218 	EXP 	whitePhotoDiode_1: autoDraw = True
633.7215 	EXP 	whitePhotoDiode_1: autoDraw = False
635.5715 	EXP 	whitePhotoDiode_1: autoDraw = True
635.7716 	EXP 	whitePhotoDiode_1: autoDraw = False
638.2214 	EXP 	whitePhotoDiode_1: autoDraw = True
638.4214 	EXP 	whitePhotoDiode_1: autoDraw = False
640.4550 	EXP 	whitePhotoDiode_1: autoDraw = True
640.6547 	EXP 	whitePhotoDiode_1: autoDraw = False
642.5714 	EXP 	whitePhotoDiode_1: autoDraw = True
642.7715 	EXP 	whitePhotoDiode_1: autoDraw = False
644.9881 	EXP 	whitePhotoDiode_1: autoDraw = True
645.1881 	EXP 	whitePhotoDiode_1: autoDraw = False
647.2714 	EXP 	whitePhotoDiode_1: autoDraw = True
647.4717 	EXP 	whitePhotoDiode_1: autoDraw = False
650.1546 	EXP 	whitePhotoDiode_1: autoDraw = True
650.3546 	EXP 	whitePhotoDiode_1: autoDraw = False
653.1049 	EXP 	whitePhotoDiode_1: autoDraw = True
653.3046 	EXP 	whitePhotoDiode_1: autoDraw = False
655.1882 	EXP 	whitePhotoDiode_1: autoDraw = True
655.3884 	EXP 	whitePhotoDiode_1: autoDraw = False
657.3382 	EXP 	whitePhotoDiode_1: autoDraw = True
657.5379 	EXP 	whitePhotoDiode_1: autoDraw = False
659.5881 	EXP 	whitePhotoDiode_1: autoDraw = True
659.7881 	EXP 	whitePhotoDiode_1: autoDraw = False
662.1549 	EXP 	whitePhotoDiode_1: autoDraw = True
662.3545 	EXP 	whitePhotoDiode_1: autoDraw = False
665.0881 	EXP 	whitePhotoDiode_1: autoDraw = True
665.2882 	EXP 	whitePhotoDiode_1: autoDraw = False
667.4718 	EXP 	whitePhotoDiode_1: autoDraw = True
667.6713 	EXP 	whitePhotoDiode_1: autoDraw = False
669.6380 	EXP 	whitePhotoDiode_1: autoDraw = True
669.8380 	EXP 	whitePhotoDiode_1: autoDraw = False
672.0717 	EXP 	whitePhotoDiode_1: autoDraw = True
672.2714 	EXP 	whitePhotoDiode_1: autoDraw = False
674.2381 	EXP 	whitePhotoDiode_1: autoDraw = True
674.4379 	EXP 	whitePhotoDiode_1: autoDraw = False
676.4713 	EXP 	whitePhotoDiode_1: autoDraw = True
676.6717 	EXP 	whitePhotoDiode_1: autoDraw = False
678.5217 	EXP 	whitePhotoDiode_1: autoDraw = True
678.7218 	EXP 	whitePhotoDiode_1: autoDraw = False
680.7882 	EXP 	whitePhotoDiode_1: autoDraw = True
680.9882 	EXP 	whitePhotoDiode_1: autoDraw = False
683.7213 	EXP 	whitePhotoDiode_1: autoDraw = True
683.9212 	EXP 	whitePhotoDiode_1: autoDraw = False
685.7544 	EXP 	whitePhotoDiode_1: autoDraw = True
685.9548 	EXP 	whitePhotoDiode_1: autoDraw = False
688.7377 	EXP 	whitePhotoDiode_1: autoDraw = True
688.9381 	EXP 	whitePhotoDiode_1: autoDraw = False
690.8548 	EXP 	whitePhotoDiode_1: autoDraw = True
691.0546 	EXP 	whitePhotoDiode_1: autoDraw = False
693.5379 	EXP 	whitePhotoDiode_1: autoDraw = True
693.7382 	EXP 	whitePhotoDiode_1: autoDraw = False
695.5715 	EXP 	whitePhotoDiode_1: autoDraw = True
695.7716 	EXP 	whitePhotoDiode_1: autoDraw = False
697.9880 	EXP 	whitePhotoDiode_1: autoDraw = True
698.1883 	EXP 	whitePhotoDiode_1: autoDraw = False
700.0382 	EXP 	whitePhotoDiode_1: autoDraw = True
700.2383 	EXP 	whitePhotoDiode_1: autoDraw = False
702.5714 	EXP 	whitePhotoDiode_1: autoDraw = True
702.7713 	EXP 	whitePhotoDiode_1: autoDraw = False
704.8883 	EXP 	whitePhotoDiode_1: autoDraw = True
705.0881 	EXP 	whitePhotoDiode_1: autoDraw = False
707.7216 	EXP 	whitePhotoDiode_1: autoDraw = True
707.9213 	EXP 	whitePhotoDiode_1: autoDraw = False
710.4046 	EXP 	whitePhotoDiode_1: autoDraw = True
710.6044 	EXP 	whitePhotoDiode_1: autoDraw = False
713.4050 	EXP 	whitePhotoDiode_1: autoDraw = True
713.6046 	EXP 	whitePhotoDiode_1: autoDraw = False
716.3550 	EXP 	whitePhotoDiode_1: autoDraw = True
716.5549 	EXP 	whitePhotoDiode_1: autoDraw = False
719.3382 	EXP 	whitePhotoDiode_1: autoDraw = True
719.5381 	EXP 	whitePhotoDiode_1: autoDraw = False
722.0380 	EXP 	whitePhotoDiode_1: autoDraw = True
722.2380 	EXP 	whitePhotoDiode_1: autoDraw = False
724.4546 	EXP 	whitePhotoDiode_1: autoDraw = True
724.6547 	EXP 	whitePhotoDiode_1: autoDraw = False
727.2549 	EXP 	whitePhotoDiode_1: autoDraw = True
727.4547 	EXP 	whitePhotoDiode_1: autoDraw = False
729.8881 	EXP 	whitePhotoDiode_1: autoDraw = True
730.0880 	EXP 	whitePhotoDiode_1: autoDraw = False
732.3384 	EXP 	whitePhotoDiode_1: autoDraw = True
732.5380 	EXP 	whitePhotoDiode_1: autoDraw = False
734.5712 	EXP 	whitePhotoDiode_1: autoDraw = True
734.7713 	EXP 	whitePhotoDiode_1: autoDraw = False
736.6714 	EXP 	whitePhotoDiode_1: autoDraw = True
736.8717 	EXP 	whitePhotoDiode_1: autoDraw = False
738.8381 	EXP 	whitePhotoDiode_1: autoDraw = True
739.0382 	EXP 	whitePhotoDiode_1: autoDraw = False
741.1715 	EXP 	whitePhotoDiode_1: autoDraw = True
741.3713 	EXP 	whitePhotoDiode_1: autoDraw = False
743.1714 	EXP 	whitePhotoDiode_1: autoDraw = True
743.3717 	EXP 	whitePhotoDiode_1: autoDraw = False
745.2883 	EXP 	whitePhotoDiode_1: autoDraw = True
745.4881 	EXP 	whitePhotoDiode_1: autoDraw = False
748.0714 	EXP 	whitePhotoDiode_1: autoDraw = True
748.2714 	EXP 	whitePhotoDiode_1: autoDraw = False
750.5213 	EXP 	whitePhotoDiode_1: autoDraw = True
750.7215 	EXP 	whitePhotoDiode_1: autoDraw = False
753.0714 	EXP 	whitePhotoDiode_1: autoDraw = True
753.2714 	EXP 	whitePhotoDiode_1: autoDraw = False
755.7717 	EXP 	whitePhotoDiode_1: autoDraw = True
755.9716 	EXP 	whitePhotoDiode_1: autoDraw = False
757.9048 	EXP 	whitePhotoDiode_1: autoDraw = True
758.1045 	EXP 	whitePhotoDiode_1: autoDraw = False
760.1379 	EXP 	whitePhotoDiode_1: autoDraw = True
760.3379 	EXP 	whitePhotoDiode_1: autoDraw = False
762.5547 	EXP 	whitePhotoDiode_1: autoDraw = True
762.7547 	EXP 	whitePhotoDiode_1: autoDraw = False
765.2380 	EXP 	whitePhotoDiode_1: autoDraw = True
765.4382 	EXP 	whitePhotoDiode_1: autoDraw = False
767.8215 	EXP 	whitePhotoDiode_1: autoDraw = True
768.0215 	EXP 	whitePhotoDiode_1: autoDraw = False
770.5712 	EXP 	whitePhotoDiode_1: autoDraw = True
770.7714 	EXP 	whitePhotoDiode_1: autoDraw = False
772.7213 	EXP 	whitePhotoDiode_1: autoDraw = True
772.9215 	EXP 	whitePhotoDiode_1: autoDraw = False
775.3382 	EXP 	whitePhotoDiode_1: autoDraw = True
775.5380 	EXP 	whitePhotoDiode_1: autoDraw = False
777.7714 	EXP 	whitePhotoDiode_1: autoDraw = True
777.9716 	EXP 	whitePhotoDiode_1: autoDraw = False
780.7047 	EXP 	whitePhotoDiode_1: autoDraw = True
780.9049 	EXP 	whitePhotoDiode_1: autoDraw = False
783.1049 	EXP 	whitePhotoDiode_1: autoDraw = True
783.3045 	EXP 	whitePhotoDiode_1: autoDraw = False
785.2716 	EXP 	whitePhotoDiode_1: autoDraw = True
785.4716 	EXP 	whitePhotoDiode_1: autoDraw = False
787.5047 	EXP 	whitePhotoDiode_1: autoDraw = True
787.7047 	EXP 	whitePhotoDiode_1: autoDraw = False
789.7714 	EXP 	whitePhotoDiode_1: autoDraw = True
789.9715 	EXP 	whitePhotoDiode_1: autoDraw = False
792.5046 	EXP 	whitePhotoDiode_1: autoDraw = True
792.7045 	EXP 	whitePhotoDiode_1: autoDraw = False
795.3046 	EXP 	whitePhotoDiode_1: autoDraw = True
795.5047 	EXP 	whitePhotoDiode_1: autoDraw = False
797.9045 	EXP 	whitePhotoDiode_1: autoDraw = True
798.1046 	EXP 	whitePhotoDiode_1: autoDraw = False
800.2213 	EXP 	whitePhotoDiode_1: autoDraw = True
800.4211 	EXP 	whitePhotoDiode_1: autoDraw = False
802.8382 	EXP 	whitePhotoDiode_1: autoDraw = True
803.0379 	EXP 	whitePhotoDiode_1: autoDraw = False
805.2545 	EXP 	whitePhotoDiode_1: autoDraw = True
805.4548 	EXP 	whitePhotoDiode_1: autoDraw = False
807.3878 	EXP 	whitePhotoDiode_1: autoDraw = True
807.5879 	EXP 	whitePhotoDiode_1: autoDraw = False
810.0879 	EXP 	whitePhotoDiode_1: autoDraw = True
810.2880 	EXP 	whitePhotoDiode_1: autoDraw = False
812.8047 	EXP 	whitePhotoDiode_1: autoDraw = True
813.0046 	EXP 	whitePhotoDiode_1: autoDraw = False
815.1214 	EXP 	whitePhotoDiode_1: autoDraw = True
815.3214 	EXP 	whitePhotoDiode_1: autoDraw = False
817.6546 	EXP 	whitePhotoDiode_1: autoDraw = True
817.8546 	EXP 	whitePhotoDiode_1: autoDraw = False
820.4215 	EXP 	whitePhotoDiode_1: autoDraw = True
820.6212 	EXP 	whitePhotoDiode_1: autoDraw = False
822.5714 	EXP 	whitePhotoDiode_1: autoDraw = True
822.7711 	EXP 	whitePhotoDiode_1: autoDraw = False
825.5545 	EXP 	whitePhotoDiode_1: autoDraw = True
825.7547 	EXP 	whitePhotoDiode_1: autoDraw = False
828.5380 	EXP 	whitePhotoDiode_1: autoDraw = True
828.7381 	EXP 	whitePhotoDiode_1: autoDraw = False
830.4268 	EXP 	Sound audioRecording reached end of file
830.4383 	EXP 	Sound audioRecording reached end of file
830.4715 	EXP 	blackPhotoDiodeBox: autoDraw = False
830.4715 	EXP 	whitePhotoDiode_1: autoDraw = False
830.4715 	EXP 	text: autoDraw = True
835.4716 	EXP 	text: autoDraw = False
835.4716 	EXP 	text: autoDraw = False
835.4718 	EXP 	restAudioBookTask: status = STOPPED
