21.7091 	WARNING 	User requested fullscreen with size [1024  768], but screen is actually [2560, 1440]. Using actual size
23.4816 	EXP 	Created window1 = Window(allowGUI=True, allowStencil=False, autoLog=True, backendConf=UNKNOWN, backgroundFit=<method-wrapper '__getattribute__' of attributeSetter object at 0x00000134271022E0>, backgroundImage=<method-wrapper '__getattribute__' of attributeSetter object at 0x0000013427102280>, bitsMode=UNKNOWN, blendMode='avg', bpc=(8, 8, 8), color=array([0, 0, 0]), colorSpace='rgb', depthBits=8, fullscr=<method-wrapper '__getattribute__' of attributeSetter object at 0x00000134271020D0>, gamma=None, gammaErrorPolicy='raise', lms=UNKNOWN, monitor=<psychopy.monitors.calibTools.Monitor object at 0x000001342745E280>, multiSample=False, name='window1', numSamples=2, pos=(0, 0), screen=0, size=array([2560, 1440]), stencilBits=0, stereo=False, title='PsychoPy', units='height', useFBO=True, useRetina=False, viewOri=0.0, viewPos=None, viewScale=None, waitBlanking=True, winType='pyglet')
23.4817 	EXP 	window1: mouseVisible = True
23.4817 	EXP 	window1: backgroundImage = ''
23.4817 	EXP 	window1: backgroundFit = 'none'
23.4832 	EXP 	window1: Attempting to measure frame rate of screen (0) ...
23.4832 	EXP 	window1: recordFrameIntervals = False
23.6485 	EXP 	window1: recordFrameIntervals = True
23.8314 	EXP 	Screen (0) actual frame rate measured at 60.09Hz
23.8314 	EXP 	window1: recordFrameIntervals = False
23.8315 	EXP 	window1: mouseVisible = False
27.8468 	EXP 	restAudioBookTask: status = STARTED
27.8472 	EXP 	window1: mouseVisible = True
27.9294 	EXP 	Created instructionText = TextStim(__class__=<class 'psychopy.visual.text.TextStim'>, alignHoriz=method-wrapper(...), alignText='center', alignVert=method-wrapper(...), anchorHoriz='center', anchorVert='center', antialias=True, autoDraw=False, autoLog=True, bold=False, color=array([1., 1., 1.]), colorSpace='rgb', contrast=1.0, depth=0.0, draggable=False, flipHoriz=False, flipVert=False, font='Open Sans', fontFiles=[], height=0.05, italic=False, languageStyle='LTR', name='instructionText', opacity=1.0, ori=0.0, pos=array([0., 0.]), rgb=UNKNOWN, text=str(...), units='height', win=Window(...), wrapWidth=1)
29.3289 	EXP 	Sound audioRecording set volume 1.000
29.3694 	EXP 	window1: mouseVisible = True
29.3708 	EXP 	Created blackPhotoDiodeBox = Rect(__class__=<class 'psychopy.visual.rect.Rect'>, anchor=('center', 'center'), autoDraw=False, autoLog=True, closeShape=True, color=method-wrapper(...), colorSpace='rgb', contrast=None, depth=-5.0, draggable=False, fillColor=array([-1, -1, -1]), fillColorSpace='rgb', fillRGB=array([-1, -1, -1]), interpolate=True, lineColor=array([-1., -1., -1.]), lineColorSpace='rgb', lineRGB=array([-1, -1, -1]), lineWidth=1.0, name='blackPhotoDiodeBox', opacity=1.0, ori=0.0, pos=array([-0.7 ,  0.45]), size=array([0.1, 0.1]), units='height', vertices=ndarray(...), win=Window(...))
29.6186 	EXP 	window1: mouseVisible = True
29.6204 	EXP 	Created whitePhotoDiode_1 = Rect(__class__=<class 'psychopy.visual.rect.Rect'>, anchor=('center', 'center'), autoDraw=False, autoLog=True, closeShape=True, color=method-wrapper(...), colorSpace='rgb', contrast=None, depth=-6.0, draggable=False, fillColor=array([1, 1, 1]), fillColorSpace='rgb', fillRGB=array([1, 1, 1]), interpolate=True, lineColor=array([0., 0., 0.]), lineColorSpace='rgb', lineRGB=array([0, 0, 0]), lineWidth=1.0, name='whitePhotoDiode_1', opacity=0.5, ori=0.0, pos=array([-0.7 ,  0.45]), size=array([0.1, 0.1]), units='height', vertices=ndarray(...), win=Window(...))
29.6210 	EXP 	window1: mouseVisible = True
29.6376 	EXP 	Created text = TextStim(__class__=<class 'psychopy.visual.text.TextStim'>, alignHoriz=method-wrapper(...), alignText='center', alignVert=method-wrapper(...), anchorHoriz='center', anchorVert='center', antialias=True, autoDraw=False, autoLog=True, bold=False, color=array([1., 1., 1.]), colorSpace='rgb', contrast=1.0, depth=0.0, draggable=False, flipHoriz=False, flipVert=False, font='Open Sans', fontFiles=[], height=0.05, italic=False, languageStyle='LTR', name='text', opacity=1.0, ori=0.0, pos=array([0., 0.]), rgb=UNKNOWN, text='Thank you for participating :)', units='height', win=Window(...), wrapWidth=1)
0.0475 	EXP 	instructionText: autoDraw = True
4.6781 	EXP 	Sound audioRecording started
4.6767 	DATA 	Keypress: space
4.6801 	EXP 	instructionText: autoDraw = False
4.6801 	EXP 	whitePhotoDiode_1: fillColor = <psychopy.colors.Color: white, alpha=1.0>
4.6801 	EXP 	blackPhotoDiodeBox: autoDraw = True
6.0120 	EXP 	whitePhotoDiode_1: autoDraw = True
6.2122 	EXP 	whitePhotoDiode_1: autoDraw = False
8.2308 	EXP 	whitePhotoDiode_1: autoDraw = True
8.4311 	EXP 	whitePhotoDiode_1: autoDraw = False
10.9164 	EXP 	whitePhotoDiode_1: autoDraw = True
11.1165 	EXP 	whitePhotoDiode_1: autoDraw = False
13.5520 	EXP 	whitePhotoDiode_1: autoDraw = True
13.7523 	EXP 	whitePhotoDiode_1: autoDraw = False
15.5532 	EXP 	whitePhotoDiode_1: autoDraw = True
15.7538 	EXP 	whitePhotoDiode_1: autoDraw = False
18.1725 	EXP 	whitePhotoDiode_1: autoDraw = True
18.3726 	EXP 	whitePhotoDiode_1: autoDraw = False
20.3908 	EXP 	whitePhotoDiode_1: autoDraw = True
20.5907 	EXP 	whitePhotoDiode_1: autoDraw = False
22.5257 	EXP 	whitePhotoDiode_1: autoDraw = True
22.7260 	EXP 	whitePhotoDiode_1: autoDraw = False
25.4785 	EXP 	whitePhotoDiode_1: autoDraw = True
25.6783 	EXP 	whitePhotoDiode_1: autoDraw = False
27.6635 	EXP 	whitePhotoDiode_1: autoDraw = True
27.8637 	EXP 	whitePhotoDiode_1: autoDraw = False
30.5991 	EXP 	whitePhotoDiode_1: autoDraw = True
30.7993 	EXP 	whitePhotoDiode_1: autoDraw = False
33.0346 	EXP 	whitePhotoDiode_1: autoDraw = True
33.2349 	EXP 	whitePhotoDiode_1: autoDraw = False
35.0696 	EXP 	whitePhotoDiode_1: autoDraw = True
35.2694 	EXP 	whitePhotoDiode_1: autoDraw = False
37.9053 	EXP 	whitePhotoDiode_1: autoDraw = True
38.1053 	EXP 	whitePhotoDiode_1: autoDraw = False
40.0071 	EXP 	whitePhotoDiode_1: autoDraw = True
40.2072 	EXP 	whitePhotoDiode_1: autoDraw = False
42.5091 	EXP 	whitePhotoDiode_1: autoDraw = True
42.7089 	EXP 	whitePhotoDiode_1: autoDraw = False
45.2614 	EXP 	whitePhotoDiode_1: autoDraw = True
45.4612 	EXP 	whitePhotoDiode_1: autoDraw = False
47.3965 	EXP 	whitePhotoDiode_1: autoDraw = True
47.5964 	EXP 	whitePhotoDiode_1: autoDraw = False
50.1154 	EXP 	whitePhotoDiode_1: autoDraw = True
50.3151 	EXP 	whitePhotoDiode_1: autoDraw = False
53.0679 	EXP 	whitePhotoDiode_1: autoDraw = True
53.2680 	EXP 	whitePhotoDiode_1: autoDraw = False
55.5197 	EXP 	whitePhotoDiode_1: autoDraw = True
55.7198 	EXP 	whitePhotoDiode_1: autoDraw = False
57.6216 	EXP 	whitePhotoDiode_1: autoDraw = True
57.8218 	EXP 	whitePhotoDiode_1: autoDraw = False
59.6234 	EXP 	whitePhotoDiode_1: autoDraw = True
59.8233 	EXP 	whitePhotoDiode_1: autoDraw = False
62.0582 	EXP 	whitePhotoDiode_1: autoDraw = True
62.2586 	EXP 	whitePhotoDiode_1: autoDraw = False
64.9943 	EXP 	whitePhotoDiode_1: autoDraw = True
65.1943 	EXP 	whitePhotoDiode_1: autoDraw = False
67.9633 	EXP 	whitePhotoDiode_1: autoDraw = True
68.1636 	EXP 	whitePhotoDiode_1: autoDraw = False
70.8659 	EXP 	whitePhotoDiode_1: autoDraw = True
71.0658 	EXP 	whitePhotoDiode_1: autoDraw = False
73.6846 	EXP 	whitePhotoDiode_1: autoDraw = True
73.8845 	EXP 	whitePhotoDiode_1: autoDraw = False
76.4536 	EXP 	whitePhotoDiode_1: autoDraw = True
76.6537 	EXP 	whitePhotoDiode_1: autoDraw = False
79.2892 	EXP 	whitePhotoDiode_1: autoDraw = True
79.4892 	EXP 	whitePhotoDiode_1: autoDraw = False
82.0914 	EXP 	whitePhotoDiode_1: autoDraw = True
82.2917 	EXP 	whitePhotoDiode_1: autoDraw = False
84.5937 	EXP 	whitePhotoDiode_1: autoDraw = True
84.7938 	EXP 	whitePhotoDiode_1: autoDraw = False
87.5295 	EXP 	whitePhotoDiode_1: autoDraw = True
87.7293 	EXP 	whitePhotoDiode_1: autoDraw = False
90.3985 	EXP 	whitePhotoDiode_1: autoDraw = True
90.5985 	EXP 	whitePhotoDiode_1: autoDraw = False
92.4835 	EXP 	whitePhotoDiode_1: autoDraw = True
92.6835 	EXP 	whitePhotoDiode_1: autoDraw = False
94.6854 	EXP 	whitePhotoDiode_1: autoDraw = True
94.8851 	EXP 	whitePhotoDiode_1: autoDraw = False
97.0540 	EXP 	whitePhotoDiode_1: autoDraw = True
97.2541 	EXP 	whitePhotoDiode_1: autoDraw = False
99.9226 	EXP 	whitePhotoDiode_1: autoDraw = True
100.1230 	EXP 	whitePhotoDiode_1: autoDraw = False
102.0411 	EXP 	whitePhotoDiode_1: autoDraw = True
102.2414 	EXP 	whitePhotoDiode_1: autoDraw = False
104.4767 	EXP 	whitePhotoDiode_1: autoDraw = True
104.6770 	EXP 	whitePhotoDiode_1: autoDraw = False
106.9622 	EXP 	whitePhotoDiode_1: autoDraw = True
107.1619 	EXP 	whitePhotoDiode_1: autoDraw = False
109.2303 	EXP 	whitePhotoDiode_1: autoDraw = True
109.4309 	EXP 	whitePhotoDiode_1: autoDraw = False
111.8827 	EXP 	whitePhotoDiode_1: autoDraw = True
112.0828 	EXP 	whitePhotoDiode_1: autoDraw = False
114.4682 	EXP 	whitePhotoDiode_1: autoDraw = True
114.6685 	EXP 	whitePhotoDiode_1: autoDraw = False
117.4708 	EXP 	whitePhotoDiode_1: autoDraw = True
117.6708 	EXP 	whitePhotoDiode_1: autoDraw = False
120.0394 	EXP 	whitePhotoDiode_1: autoDraw = True
120.2394 	EXP 	whitePhotoDiode_1: autoDraw = False
122.9416 	EXP 	whitePhotoDiode_1: autoDraw = True
123.1417 	EXP 	whitePhotoDiode_1: autoDraw = False
125.7443 	EXP 	whitePhotoDiode_1: autoDraw = True
125.9443 	EXP 	whitePhotoDiode_1: autoDraw = False
127.8291 	EXP 	whitePhotoDiode_1: autoDraw = True
128.0295 	EXP 	whitePhotoDiode_1: autoDraw = False
130.5646 	EXP 	whitePhotoDiode_1: autoDraw = True
130.7651 	EXP 	whitePhotoDiode_1: autoDraw = False
133.1002 	EXP 	whitePhotoDiode_1: autoDraw = True
133.3001 	EXP 	whitePhotoDiode_1: autoDraw = False
135.7022 	EXP 	whitePhotoDiode_1: autoDraw = True
135.9025 	EXP 	whitePhotoDiode_1: autoDraw = False
137.8708 	EXP 	whitePhotoDiode_1: autoDraw = True
138.0711 	EXP 	whitePhotoDiode_1: autoDraw = False
140.4560 	EXP 	whitePhotoDiode_1: autoDraw = True
140.6561 	EXP 	whitePhotoDiode_1: autoDraw = False
143.3253 	EXP 	whitePhotoDiode_1: autoDraw = True
143.5256 	EXP 	whitePhotoDiode_1: autoDraw = False
145.6607 	EXP 	whitePhotoDiode_1: autoDraw = True
145.8607 	EXP 	whitePhotoDiode_1: autoDraw = False
148.0123 	EXP 	whitePhotoDiode_1: autoDraw = True
148.2124 	EXP 	whitePhotoDiode_1: autoDraw = False
150.3480 	EXP 	whitePhotoDiode_1: autoDraw = True
150.5478 	EXP 	whitePhotoDiode_1: autoDraw = False
152.8498 	EXP 	whitePhotoDiode_1: autoDraw = True
153.0499 	EXP 	whitePhotoDiode_1: autoDraw = False
154.8681 	EXP 	whitePhotoDiode_1: autoDraw = True
155.0682 	EXP 	whitePhotoDiode_1: autoDraw = False
157.1867 	EXP 	whitePhotoDiode_1: autoDraw = True
157.3866 	EXP 	whitePhotoDiode_1: autoDraw = False
159.7722 	EXP 	whitePhotoDiode_1: autoDraw = True
159.9725 	EXP 	whitePhotoDiode_1: autoDraw = False
162.4576 	EXP 	whitePhotoDiode_1: autoDraw = True
162.6581 	EXP 	whitePhotoDiode_1: autoDraw = False
164.6762 	EXP 	whitePhotoDiode_1: autoDraw = True
164.8765 	EXP 	whitePhotoDiode_1: autoDraw = False
167.6617 	EXP 	whitePhotoDiode_1: autoDraw = True
167.8622 	EXP 	whitePhotoDiode_1: autoDraw = False
170.5808 	EXP 	whitePhotoDiode_1: autoDraw = True
170.7809 	EXP 	whitePhotoDiode_1: autoDraw = False
172.9331 	EXP 	whitePhotoDiode_1: autoDraw = True
173.1334 	EXP 	whitePhotoDiode_1: autoDraw = False
175.9021 	EXP 	whitePhotoDiode_1: autoDraw = True
176.1021 	EXP 	whitePhotoDiode_1: autoDraw = False
178.7379 	EXP 	whitePhotoDiode_1: autoDraw = True
178.9378 	EXP 	whitePhotoDiode_1: autoDraw = False
181.1729 	EXP 	whitePhotoDiode_1: autoDraw = True
181.3732 	EXP 	whitePhotoDiode_1: autoDraw = False
183.6751 	EXP 	whitePhotoDiode_1: autoDraw = True
183.8753 	EXP 	whitePhotoDiode_1: autoDraw = False
185.9270 	EXP 	whitePhotoDiode_1: autoDraw = True
186.1271 	EXP 	whitePhotoDiode_1: autoDraw = False
188.1453 	EXP 	whitePhotoDiode_1: autoDraw = True
188.3458 	EXP 	whitePhotoDiode_1: autoDraw = False
190.8145 	EXP 	whitePhotoDiode_1: autoDraw = True
191.0145 	EXP 	whitePhotoDiode_1: autoDraw = False
193.1161 	EXP 	whitePhotoDiode_1: autoDraw = True
193.3166 	EXP 	whitePhotoDiode_1: autoDraw = False
195.1511 	EXP 	whitePhotoDiode_1: autoDraw = True
195.3514 	EXP 	whitePhotoDiode_1: autoDraw = False
197.8866 	EXP 	whitePhotoDiode_1: autoDraw = True
198.0871 	EXP 	whitePhotoDiode_1: autoDraw = False
200.5889 	EXP 	whitePhotoDiode_1: autoDraw = True
200.7890 	EXP 	whitePhotoDiode_1: autoDraw = False
203.1410 	EXP 	whitePhotoDiode_1: autoDraw = True
203.3413 	EXP 	whitePhotoDiode_1: autoDraw = False
205.4762 	EXP 	whitePhotoDiode_1: autoDraw = True
205.6766 	EXP 	whitePhotoDiode_1: autoDraw = False
207.5448 	EXP 	whitePhotoDiode_1: autoDraw = True
207.7448 	EXP 	whitePhotoDiode_1: autoDraw = False
210.1968 	EXP 	whitePhotoDiode_1: autoDraw = True
210.3970 	EXP 	whitePhotoDiode_1: autoDraw = False
212.5488 	EXP 	whitePhotoDiode_1: autoDraw = True
212.7490 	EXP 	whitePhotoDiode_1: autoDraw = False
215.0844 	EXP 	whitePhotoDiode_1: autoDraw = True
215.2842 	EXP 	whitePhotoDiode_1: autoDraw = False
217.4197 	EXP 	whitePhotoDiode_1: autoDraw = True
217.6198 	EXP 	whitePhotoDiode_1: autoDraw = False
220.2053 	EXP 	whitePhotoDiode_1: autoDraw = True
220.4051 	EXP 	whitePhotoDiode_1: autoDraw = False
223.1241 	EXP 	whitePhotoDiode_1: autoDraw = True
223.3247 	EXP 	whitePhotoDiode_1: autoDraw = False
226.0264 	EXP 	whitePhotoDiode_1: autoDraw = True
226.2268 	EXP 	whitePhotoDiode_1: autoDraw = False
228.7455 	EXP 	whitePhotoDiode_1: autoDraw = True
228.9455 	EXP 	whitePhotoDiode_1: autoDraw = False
231.1473 	EXP 	whitePhotoDiode_1: autoDraw = True
231.3477 	EXP 	whitePhotoDiode_1: autoDraw = False
233.8666 	EXP 	whitePhotoDiode_1: autoDraw = True
234.0665 	EXP 	whitePhotoDiode_1: autoDraw = False
236.2515 	EXP 	whitePhotoDiode_1: autoDraw = True
236.4520 	EXP 	whitePhotoDiode_1: autoDraw = False
238.8369 	EXP 	whitePhotoDiode_1: autoDraw = True
239.0372 	EXP 	whitePhotoDiode_1: autoDraw = False
241.5061 	EXP 	whitePhotoDiode_1: autoDraw = True
241.7064 	EXP 	whitePhotoDiode_1: autoDraw = False
243.6579 	EXP 	whitePhotoDiode_1: autoDraw = True
243.8577 	EXP 	whitePhotoDiode_1: autoDraw = False
246.3937 	EXP 	whitePhotoDiode_1: autoDraw = True
246.5937 	EXP 	whitePhotoDiode_1: autoDraw = False
249.3460 	EXP 	whitePhotoDiode_1: autoDraw = True
249.5458 	EXP 	whitePhotoDiode_1: autoDraw = False
251.6810 	EXP 	whitePhotoDiode_1: autoDraw = True
251.8811 	EXP 	whitePhotoDiode_1: autoDraw = False
254.5003 	EXP 	whitePhotoDiode_1: autoDraw = True
254.7002 	EXP 	whitePhotoDiode_1: autoDraw = False
256.6019 	EXP 	whitePhotoDiode_1: autoDraw = True
256.8021 	EXP 	whitePhotoDiode_1: autoDraw = False
259.3541 	EXP 	whitePhotoDiode_1: autoDraw = True
259.5544 	EXP 	whitePhotoDiode_1: autoDraw = False
261.4389 	EXP 	whitePhotoDiode_1: autoDraw = True
261.6394 	EXP 	whitePhotoDiode_1: autoDraw = False
264.3250 	EXP 	whitePhotoDiode_1: autoDraw = True
264.5251 	EXP 	whitePhotoDiode_1: autoDraw = False
266.5098 	EXP 	whitePhotoDiode_1: autoDraw = True
266.7102 	EXP 	whitePhotoDiode_1: autoDraw = False
268.7120 	EXP 	whitePhotoDiode_1: autoDraw = True
268.9119 	EXP 	whitePhotoDiode_1: autoDraw = False
271.4975 	EXP 	whitePhotoDiode_1: autoDraw = True
271.6977 	EXP 	whitePhotoDiode_1: autoDraw = False
273.8495 	EXP 	whitePhotoDiode_1: autoDraw = True
274.0496 	EXP 	whitePhotoDiode_1: autoDraw = False
276.3846 	EXP 	whitePhotoDiode_1: autoDraw = True
276.5849 	EXP 	whitePhotoDiode_1: autoDraw = False
278.5532 	EXP 	whitePhotoDiode_1: autoDraw = True
278.7531 	EXP 	whitePhotoDiode_1: autoDraw = False
280.9887 	EXP 	whitePhotoDiode_1: autoDraw = True
281.1887 	EXP 	whitePhotoDiode_1: autoDraw = False
283.4070 	EXP 	whitePhotoDiode_1: autoDraw = True
283.6072 	EXP 	whitePhotoDiode_1: autoDraw = False
285.4253 	EXP 	whitePhotoDiode_1: autoDraw = True
285.6260 	EXP 	whitePhotoDiode_1: autoDraw = False
287.5103 	EXP 	whitePhotoDiode_1: autoDraw = True
287.7111 	EXP 	whitePhotoDiode_1: autoDraw = False
289.7459 	EXP 	whitePhotoDiode_1: autoDraw = True
289.9459 	EXP 	whitePhotoDiode_1: autoDraw = False
291.8811 	EXP 	whitePhotoDiode_1: autoDraw = True
292.0808 	EXP 	whitePhotoDiode_1: autoDraw = False
294.5496 	EXP 	whitePhotoDiode_1: autoDraw = True
294.7502 	EXP 	whitePhotoDiode_1: autoDraw = False
297.1856 	EXP 	whitePhotoDiode_1: autoDraw = True
297.3853 	EXP 	whitePhotoDiode_1: autoDraw = False
300.0041 	EXP 	whitePhotoDiode_1: autoDraw = True
300.2044 	EXP 	whitePhotoDiode_1: autoDraw = False
302.9066 	EXP 	whitePhotoDiode_1: autoDraw = True
303.1069 	EXP 	whitePhotoDiode_1: autoDraw = False
305.2588 	EXP 	whitePhotoDiode_1: autoDraw = True
305.4587 	EXP 	whitePhotoDiode_1: autoDraw = False
308.0274 	EXP 	whitePhotoDiode_1: autoDraw = True
308.2277 	EXP 	whitePhotoDiode_1: autoDraw = False
310.8629 	EXP 	whitePhotoDiode_1: autoDraw = True
311.0635 	EXP 	whitePhotoDiode_1: autoDraw = False
313.0316 	EXP 	whitePhotoDiode_1: autoDraw = True
313.2317 	EXP 	whitePhotoDiode_1: autoDraw = False
315.8675 	EXP 	whitePhotoDiode_1: autoDraw = True
316.0672 	EXP 	whitePhotoDiode_1: autoDraw = False
318.5192 	EXP 	whitePhotoDiode_1: autoDraw = True
318.7194 	EXP 	whitePhotoDiode_1: autoDraw = False
321.0546 	EXP 	whitePhotoDiode_1: autoDraw = True
321.2547 	EXP 	whitePhotoDiode_1: autoDraw = False
323.8068 	EXP 	whitePhotoDiode_1: autoDraw = True
324.0070 	EXP 	whitePhotoDiode_1: autoDraw = False
326.2255 	EXP 	whitePhotoDiode_1: autoDraw = True
326.4256 	EXP 	whitePhotoDiode_1: autoDraw = False
328.9277 	EXP 	whitePhotoDiode_1: autoDraw = True
329.1279 	EXP 	whitePhotoDiode_1: autoDraw = False
331.0795 	EXP 	whitePhotoDiode_1: autoDraw = True
331.2797 	EXP 	whitePhotoDiode_1: autoDraw = False
333.5149 	EXP 	whitePhotoDiode_1: autoDraw = True
333.7150 	EXP 	whitePhotoDiode_1: autoDraw = False
336.4172 	EXP 	whitePhotoDiode_1: autoDraw = True
336.6174 	EXP 	whitePhotoDiode_1: autoDraw = False
338.5357 	EXP 	whitePhotoDiode_1: autoDraw = True
338.7358 	EXP 	whitePhotoDiode_1: autoDraw = False
340.9543 	EXP 	whitePhotoDiode_1: autoDraw = True
341.1544 	EXP 	whitePhotoDiode_1: autoDraw = False
343.9067 	EXP 	whitePhotoDiode_1: autoDraw = True
344.1068 	EXP 	whitePhotoDiode_1: autoDraw = False
346.4922 	EXP 	whitePhotoDiode_1: autoDraw = True
346.6923 	EXP 	whitePhotoDiode_1: autoDraw = False
348.6607 	EXP 	whitePhotoDiode_1: autoDraw = True
348.8608 	EXP 	whitePhotoDiode_1: autoDraw = False
350.8291 	EXP 	whitePhotoDiode_1: autoDraw = True
351.0293 	EXP 	whitePhotoDiode_1: autoDraw = False
353.1976 	EXP 	whitePhotoDiode_1: autoDraw = True
353.3978 	EXP 	whitePhotoDiode_1: autoDraw = False
355.6664 	EXP 	whitePhotoDiode_1: autoDraw = True
355.8665 	EXP 	whitePhotoDiode_1: autoDraw = False
358.5021 	EXP 	whitePhotoDiode_1: autoDraw = True
358.7022 	EXP 	whitePhotoDiode_1: autoDraw = False
360.9874 	EXP 	whitePhotoDiode_1: autoDraw = True
361.1877 	EXP 	whitePhotoDiode_1: autoDraw = False
363.1893 	EXP 	whitePhotoDiode_1: autoDraw = True
363.3894 	EXP 	whitePhotoDiode_1: autoDraw = False
366.1750 	EXP 	whitePhotoDiode_1: autoDraw = True
366.3752 	EXP 	whitePhotoDiode_1: autoDraw = False
369.1275 	EXP 	whitePhotoDiode_1: autoDraw = True
369.3276 	EXP 	whitePhotoDiode_1: autoDraw = False
371.6462 	EXP 	whitePhotoDiode_1: autoDraw = True
371.8464 	EXP 	whitePhotoDiode_1: autoDraw = False
374.5486 	EXP 	whitePhotoDiode_1: autoDraw = True
374.7488 	EXP 	whitePhotoDiode_1: autoDraw = False
377.2175 	EXP 	whitePhotoDiode_1: autoDraw = True
377.4176 	EXP 	whitePhotoDiode_1: autoDraw = False
379.7529 	EXP 	whitePhotoDiode_1: autoDraw = True
379.9530 	EXP 	whitePhotoDiode_1: autoDraw = False
382.2383 	EXP 	whitePhotoDiode_1: autoDraw = True
382.4384 	EXP 	whitePhotoDiode_1: autoDraw = False
384.3566 	EXP 	whitePhotoDiode_1: autoDraw = True
384.5568 	EXP 	whitePhotoDiode_1: autoDraw = False
386.6419 	EXP 	whitePhotoDiode_1: autoDraw = True
386.8420 	EXP 	whitePhotoDiode_1: autoDraw = False
389.1106 	EXP 	whitePhotoDiode_1: autoDraw = True
389.3107 	EXP 	whitePhotoDiode_1: autoDraw = False
391.3958 	EXP 	whitePhotoDiode_1: autoDraw = True
391.5959 	EXP 	whitePhotoDiode_1: autoDraw = False
392.5911 	EXP 	Sound audioRecording reached end of file
394.1147 	EXP 	whitePhotoDiode_1: autoDraw = True
394.3148 	EXP 	whitePhotoDiode_1: autoDraw = False
396.6001 	EXP 	whitePhotoDiode_1: autoDraw = True
396.8002 	EXP 	whitePhotoDiode_1: autoDraw = False
398.9687 	EXP 	whitePhotoDiode_1: autoDraw = True
399.1688 	EXP 	whitePhotoDiode_1: autoDraw = False
401.7878 	EXP 	whitePhotoDiode_1: autoDraw = True
401.9879 	EXP 	whitePhotoDiode_1: autoDraw = False
404.6234 	EXP 	whitePhotoDiode_1: autoDraw = True
404.8235 	EXP 	whitePhotoDiode_1: autoDraw = False
407.3423 	EXP 	whitePhotoDiode_1: autoDraw = True
407.5424 	EXP 	whitePhotoDiode_1: autoDraw = False
410.2780 	EXP 	whitePhotoDiode_1: autoDraw = True
410.4781 	EXP 	whitePhotoDiode_1: autoDraw = False
410.4796 	DATA 	Keypress: escape
410.6287 	EXP 	restAudioBookTask: status = STOPPED
410.6449 	EXP 	blackPhotoDiodeBox: autoDraw = False
410.6450 	EXP 	restAudioBookTask: status = STOPPED
411.0983 	EXP 	window1: mouseVisible = True
