8.3190 	WARNING 	User requested fullscreen with size [1024  768], but screen is actually [2880, 1920]. Using actual size
9.2209 	EXP 	Created window1 = Window(allowGUI=False, allowStencil=False, autoLog=True, backendConf=UNKNOWN, backgroundFit=<method-wrapper '__getattribute__' of attributeSetter object at 0x00000214A11BEDD0>, backgroundImage=<method-wrapper '__getattribute__' of attributeSetter object at 0x00000214A11BEE30>, bitsMode=UNKNOWN, blendMode='avg', bpc=(8, 8, 8), color=array([0, 0, 0]), colorSpace='rgb', depthBits=8, fullscr=True, gamma=None, gammaErrorPolicy='raise', infoMsg=UNKNOWN, lms=UNKNOWN, monitor=<psychopy.monitors.calibTools.Monitor object at 0x00000214A124D8A0>, multiSample=False, name='window1', numSamples=2, pos=[0.0, 0.0], screen=0, size=array([2880, 1920]), stencilBits=0, stereo=False, title='PsychoPy', units='height', useFBO=True, useRetina=False, viewOri=0.0, viewPos=None, viewScale=None, waitBlanking=True, winType='pyglet')
9.2210 	EXP 	window1: backgroundImage = ''
9.2210 	EXP 	window1: backgroundFit = 'none'
9.3748 	EXP 	window1: Attempting to measure frame rate of screen (0) ...
9.3748 	EXP 	window1: recordFrameIntervals = False
9.5066 	EXP 	window1: recordFrameIntervals = True
9.6899 	EXP 	Screen (0) actual frame rate measured at 60.17Hz
9.6900 	EXP 	window1: recordFrameIntervals = False
13.0880 	EXP 	restAudioBookTask: status = STARTED
13.2083 	EXP 	Created instructionText = TextStim(__class__=<class 'psychopy.visual.text.TextStim'>, alignHoriz=method-wrapper(...), alignText='center', alignVert=method-wrapper(...), anchorHoriz='center', anchorVert='center', antialias=True, autoDraw=False, autoLog=True, bold=False, color=array([1., 1., 1.]), colorSpace='rgb', contrast=1.0, depth=0.0, draggable=False, flipHoriz=False, flipVert=False, font='Open Sans', fontFiles=[], height=0.05, italic=False, languageStyle='LTR', name='instructionText', opacity=1, ori=0.0, pos=array([0., 0.]), rgb=UNKNOWN, text=str(...), units='height', win=Window(...), wrapWidth=1)
13.6057 	EXP 	Sound audioRecording set volume 1.000
13.6072 	EXP 	Created blackPhotoDiodeBox = Rect(__class__=<class 'psychopy.visual.rect.Rect'>, anchor=('center', 'center'), autoDraw=False, autoLog=True, closeShape=True, color=method-wrapper(...), colorSpace='rgb', contrast=None, depth=-5.0, draggable=False, fillColor=array([-1, -1, -1]), fillColorSpace='rgb', fillRGB=array([-1, -1, -1]), interpolate=True, lineColor=array([-1., -1., -1.]), lineColorSpace='rgb', lineRGB=array([-1, -1, -1]), lineWidth=1.0, name='blackPhotoDiodeBox', opacity=1, ori=0.0, pos=array([-0.7 ,  0.45]), size=array([0.1, 0.1]), units='height', vertices=ndarray(...), win=Window(...))
13.6086 	EXP 	Created whitePhotoDiode_1 = Rect(__class__=<class 'psychopy.visual.rect.Rect'>, anchor=('center', 'center'), autoDraw=False, autoLog=True, closeShape=True, color=method-wrapper(...), colorSpace='rgb', contrast=None, depth=-6.0, draggable=False, fillColor=array([1, 1, 1]), fillColorSpace='rgb', fillRGB=array([1, 1, 1]), interpolate=True, lineColor=array([0., 0., 0.]), lineColorSpace='rgb', lineRGB=array([0, 0, 0]), lineWidth=1.0, name='whitePhotoDiode_1', opacity=1, ori=0.0, pos=array([-0.7 ,  0.45]), size=array([0.1, 0.1]), units='height', vertices=ndarray(...), win=Window(...))
13.6165 	EXP 	Created text = TextStim(__class__=<class 'psychopy.visual.text.TextStim'>, alignHoriz=method-wrapper(...), alignText='center', alignVert=method-wrapper(...), anchorHoriz='center', anchorVert='center', antialias=True, autoDraw=False, autoLog=True, bold=False, color=array([1., 1., 1.]), colorSpace='rgb', contrast=1.0, depth=0.0, draggable=False, flipHoriz=False, flipVert=False, font='Open Sans', fontFiles=[], height=0.05, italic=False, languageStyle='LTR', name='text', opacity=1, ori=0.0, pos=array([0., 0.]), rgb=UNKNOWN, text='Thank you for participating :)', units='height', win=Window(...), wrapWidth=1)
0.0086 	EXP 	instructionText: autoDraw = True
2.1460 	EXP 	Sound audioRecording reached end of file
2.1565 	EXP 	Sound audioRecording started
2.1486 	DATA 	Keypress: space
2.1509 	EXP 	instructionText: autoDraw = False
2.1509 	EXP 	whitePhotoDiode_1: fillColor = <psychopy.colors.Color: white, alpha=1.0>
2.1509 	EXP 	blackPhotoDiodeBox: autoDraw = True
3.9397 	EXP 	whitePhotoDiode_1: autoDraw = True
4.1399 	EXP 	whitePhotoDiode_1: autoDraw = False
6.5730 	EXP 	whitePhotoDiode_1: autoDraw = True
6.7731 	EXP 	whitePhotoDiode_1: autoDraw = False
8.7230 	EXP 	whitePhotoDiode_1: autoDraw = True
8.9232 	EXP 	whitePhotoDiode_1: autoDraw = False
10.8895 	EXP 	whitePhotoDiode_1: autoDraw = True
11.0898 	EXP 	whitePhotoDiode_1: autoDraw = False
13.4397 	EXP 	whitePhotoDiode_1: autoDraw = True
13.6398 	EXP 	whitePhotoDiode_1: autoDraw = False
14.5090 	DATA 	Keypress: escape
14.6578 	EXP 	restAudioBookTask: status = STOPPED
14.6728 	EXP 	blackPhotoDiodeBox: autoDraw = False
14.6730 	EXP 	restAudioBookTask: status = STOPPED
