122.9202 	WARNING 	User requested fullscreen with size [2048 1152], but screen is actually [2880, 1920]. Using actual size
123.7587 	EXP 	Created window1 = Window(allowGUI=False, allowStencil=False, autoLog=True, backendConf=UNKNOWN, backgroundFit=<method-wrapper '__getattribute__' of attributeSetter object at 0x0000021F5438E410>, backgroundImage=<method-wrapper '__getattribute__' of attributeSetter object at 0x0000021F5438E3B0>, bitsMode=UNKNOWN, blendMode='avg', bpc=(8, 8, 8), color=array([0, 0, 0]), colorSpace='rgb', depthBits=8, fullscr=True, gamma=None, gammaErrorPolicy='raise', infoMsg=UNKNOWN, lms=UNKNOWN, monitor=<psychopy.monitors.calibTools.Monitor object at 0x0000021F544516F0>, multiSample=False, name='window1', numSamples=2, pos=[0.0, 0.0], screen=0, size=array([2880, 1920]), stencilBits=0, stereo=False, title='PsychoPy', units='height', useFBO=True, useRetina=False, viewOri=0.0, viewPos=None, viewScale=None, waitBlanking=True, winType='pyglet')
123.7588 	EXP 	window1: backgroundImage = ''
123.7588 	EXP 	window1: backgroundFit = 'none'
123.9208 	EXP 	window1: Attempting to measure frame rate of screen (0) ...
123.9208 	EXP 	window1: recordFrameIntervals = False
124.0800 	EXP 	window1: recordFrameIntervals = True
124.2639 	EXP 	Screen (0) actual frame rate measured at 59.96Hz
124.2640 	EXP 	window1: recordFrameIntervals = False
127.4201 	EXP 	mindfulBreathing: status = STARTED
127.5624 	EXP 	Created instructionText = TextStim(__class__=<class 'psychopy.visual.text.TextStim'>, alignHoriz=method-wrapper(...), alignText='center', alignVert=method-wrapper(...), anchorHoriz='center', anchorVert='center', antialias=True, autoDraw=False, autoLog=True, bold=False, color=array([1., 1., 1.]), colorSpace='rgb', contrast=1.0, depth=0.0, draggable=False, flipHoriz=False, flipVert=False, font='Open Sans', fontFiles=[], height=0.05, italic=False, languageStyle='LTR', name='instructionText', opacity=1, ori=0.0, pos=array([0., 0.]), rgb=UNKNOWN, text=str(...), units='height', win=Window(...), wrapWidth=1)
127.5715 	EXP 	Created getReadyInstructions = TextStim(__class__=<class 'psychopy.visual.text.TextStim'>, alignHoriz=method-wrapper(...), alignText='center', alignVert=method-wrapper(...), anchorHoriz='center', anchorVert='center', antialias=True, autoDraw=False, autoLog=True, bold=False, color=array([1., 1., 1.]), colorSpace='rgb', contrast=1.0, depth=0.0, draggable=False, flipHoriz=False, flipVert=False, font='Open Sans', fontFiles=[], height=0.05, italic=False, languageStyle='LTR', name='getReadyInstructions', opacity=1, ori=0.0, pos=array([0., 0.]), rgb=UNKNOWN, text=str(...), units='height', win=Window(...), wrapWidth=1)
127.5724 	EXP 	Created blackPhotoDiodeBox = Rect(__class__=<class 'psychopy.visual.rect.Rect'>, anchor=('center', 'center'), autoDraw=False, autoLog=True, closeShape=True, color=method-wrapper(...), colorSpace='rgb', contrast=None, depth=-4.0, draggable=False, fillColor=array([-1, -1, -1]), fillColorSpace='rgb', fillRGB=array([-1, -1, -1]), interpolate=True, lineColor=array([-1., -1., -1.]), lineColorSpace='rgb', lineRGB=array([-1, -1, -1]), lineWidth=1.0, name='blackPhotoDiodeBox', opacity=1, ori=0.0, pos=array([-0.7 ,  0.45]), size=array([0.1, 0.1]), units='height', vertices=ndarray(...), win=Window(...))
127.5735 	EXP 	Created whitePhotoDiode_1 = Rect(__class__=<class 'psychopy.visual.rect.Rect'>, anchor=('center', 'center'), autoDraw=False, autoLog=True, closeShape=True, color=method-wrapper(...), colorSpace='rgb', contrast=None, depth=-5.0, draggable=False, fillColor=array([1, 1, 1]), fillColorSpace='rgb', fillRGB=array([1, 1, 1]), interpolate=True, lineColor=array([0., 0., 0.]), lineColorSpace='rgb', lineRGB=array([0, 0, 0]), lineWidth=1.0, name='whitePhotoDiode_1', opacity=1, ori=0.0, pos=array([-0.7 ,  0.45]), size=array([0.1, 0.1]), units='height', vertices=ndarray(...), win=Window(...))
127.5809 	EXP 	Created breathCountOnScreen = TextStim(__class__=<class 'psychopy.visual.text.TextStim'>, alignHoriz=method-wrapper(...), alignText='center', alignVert=method-wrapper(...), anchorHoriz='center', anchorVert='center', antialias=True, autoDraw=False, autoLog=True, bold=False, color=array([1., 1., 1.]), colorSpace='rgb', contrast=1.0, depth=-6.0, draggable=False, flipHoriz=False, flipVert=False, font='Open Sans', fontFiles=[], height=0.05, italic=False, languageStyle='LTR', name='breathCountOnScreen', opacity=1, ori=0.0, pos=array([0., 0.]), rgb=UNKNOWN, text='+\n\nCount your breaths :)', units='height', win=Window(...), wrapWidth=1)
127.5871 	EXP 	Created text = TextStim(__class__=<class 'psychopy.visual.text.TextStim'>, alignHoriz=method-wrapper(...), alignText='center', alignVert=method-wrapper(...), anchorHoriz='center', anchorVert='center', antialias=True, autoDraw=False, autoLog=True, bold=False, color=array([1., 1., 1.]), colorSpace='rgb', contrast=1.0, depth=-2.0, draggable=False, flipHoriz=False, flipVert=False, font='Open Sans', fontFiles=[], height=0.05, italic=False, languageStyle='LTR', name='text', opacity=1, ori=0.0, pos=array([0. , 0.1]), rgb=UNKNOWN, text='How many breaths did you take? ', units='height', win=Window(...), wrapWidth=1)
127.5880 	EXP 	Created typedDisplay = TextStim(__class__=<class 'psychopy.visual.text.TextStim'>, alignHoriz=method-wrapper(...), alignText='center', alignVert=method-wrapper(...), anchorHoriz='center', anchorVert='center', antialias=True, autoDraw=False, autoLog=True, bold=False, color=array([1., 1., 1.]), colorSpace='rgb', contrast=1.0, depth=-4.0, draggable=False, flipHoriz=False, flipVert=False, font='Open Sans', fontFiles=[], height=0.05, italic=False, languageStyle='LTR', name='typedDisplay', opacity=1, ori=0.0, pos=array([ 0. , -0.2]), rgb=UNKNOWN, text='', units='height', win=Window(...), wrapWidth=1)
127.5924 	EXP 	Created text_2 = TextStim(__class__=<class 'psychopy.visual.text.TextStim'>, alignHoriz=method-wrapper(...), alignText='center', alignVert=method-wrapper(...), anchorHoriz='center', anchorVert='center', antialias=True, autoDraw=False, autoLog=True, bold=False, color=array([1., 1., 1.]), colorSpace='rgb', contrast=1.0, depth=0.0, draggable=False, flipHoriz=False, flipVert=False, font='Open Sans', fontFiles=[], height=0.05, italic=False, languageStyle='LTR', name='text_2', opacity=1, ori=0.0, pos=array([0., 0.]), rgb=UNKNOWN, text='Thank you for participating :)', units='height', win=Window(...), wrapWidth=1)
0.0087 	EXP 	instructionText: autoDraw = True
103.9478 	EXP 	New trial (rep=0, index=0): <Trial 0 (0 in rep 0) data={'thisN': 0, 'thisTrialN': 0, 'thisRepN': 0}>
103.9540 	DATA 	Keypress: space
103.9563 	EXP 	instructionText: autoDraw = False
103.9563 	EXP 	getReadyInstructions: autoDraw = True
395.6143 	DATA 	Keypress: space
395.6204 	EXP 	getReadyInstructions: autoDraw = False
395.6204 	EXP 	whitePhotoDiode_1: fillColor = <psychopy.colors.Color: white, alpha=1.0>
395.6204 	EXP 	blackPhotoDiodeBox: autoDraw = True
395.6204 	EXP 	breathCountOnScreen: autoDraw = True
397.6200 	EXP 	whitePhotoDiode_1: autoDraw = True
397.8204 	EXP 	whitePhotoDiode_1: autoDraw = False
400.3704 	EXP 	whitePhotoDiode_1: autoDraw = True
400.5705 	EXP 	whitePhotoDiode_1: autoDraw = False
403.1538 	EXP 	whitePhotoDiode_1: autoDraw = True
403.3539 	EXP 	whitePhotoDiode_1: autoDraw = False
405.9873 	EXP 	whitePhotoDiode_1: autoDraw = True
406.1867 	EXP 	whitePhotoDiode_1: autoDraw = False
408.7039 	EXP 	whitePhotoDiode_1: autoDraw = True
408.9037 	EXP 	whitePhotoDiode_1: autoDraw = False
410.7202 	EXP 	whitePhotoDiode_1: autoDraw = True
410.9205 	EXP 	whitePhotoDiode_1: autoDraw = False
413.0370 	EXP 	whitePhotoDiode_1: autoDraw = True
413.2372 	EXP 	whitePhotoDiode_1: autoDraw = False
415.0372 	EXP 	whitePhotoDiode_1: autoDraw = True
415.2367 	EXP 	whitePhotoDiode_1: autoDraw = False
417.5203 	EXP 	whitePhotoDiode_1: autoDraw = True
417.7207 	EXP 	whitePhotoDiode_1: autoDraw = False
419.5367 	EXP 	whitePhotoDiode_1: autoDraw = True
419.7372 	EXP 	whitePhotoDiode_1: autoDraw = False
422.2038 	EXP 	whitePhotoDiode_1: autoDraw = True
422.4038 	EXP 	whitePhotoDiode_1: autoDraw = False
425.1203 	EXP 	whitePhotoDiode_1: autoDraw = True
425.3204 	EXP 	whitePhotoDiode_1: autoDraw = False
427.7538 	EXP 	whitePhotoDiode_1: autoDraw = True
427.9537 	EXP 	whitePhotoDiode_1: autoDraw = False
430.7372 	EXP 	whitePhotoDiode_1: autoDraw = True
430.9366 	EXP 	whitePhotoDiode_1: autoDraw = False
433.7038 	EXP 	whitePhotoDiode_1: autoDraw = True
433.9038 	EXP 	whitePhotoDiode_1: autoDraw = False
436.3538 	EXP 	whitePhotoDiode_1: autoDraw = True
436.5539 	EXP 	whitePhotoDiode_1: autoDraw = False
438.6872 	EXP 	whitePhotoDiode_1: autoDraw = True
438.8872 	EXP 	whitePhotoDiode_1: autoDraw = False
441.0868 	EXP 	whitePhotoDiode_1: autoDraw = True
441.2870 	EXP 	whitePhotoDiode_1: autoDraw = False
443.7539 	EXP 	whitePhotoDiode_1: autoDraw = True
443.9538 	EXP 	whitePhotoDiode_1: autoDraw = False
446.6370 	EXP 	whitePhotoDiode_1: autoDraw = True
446.8366 	EXP 	whitePhotoDiode_1: autoDraw = False
448.7369 	EXP 	whitePhotoDiode_1: autoDraw = True
448.9369 	EXP 	whitePhotoDiode_1: autoDraw = False
451.7204 	EXP 	whitePhotoDiode_1: autoDraw = True
451.9202 	EXP 	whitePhotoDiode_1: autoDraw = False
454.4369 	EXP 	whitePhotoDiode_1: autoDraw = True
454.6370 	EXP 	whitePhotoDiode_1: autoDraw = False
456.6542 	EXP 	whitePhotoDiode_1: autoDraw = True
456.8536 	EXP 	whitePhotoDiode_1: autoDraw = False
459.0035 	EXP 	whitePhotoDiode_1: autoDraw = True
459.2036 	EXP 	whitePhotoDiode_1: autoDraw = False
461.3370 	EXP 	whitePhotoDiode_1: autoDraw = True
461.5371 	EXP 	whitePhotoDiode_1: autoDraw = False
464.0207 	EXP 	whitePhotoDiode_1: autoDraw = True
464.2203 	EXP 	whitePhotoDiode_1: autoDraw = False
466.4704 	EXP 	whitePhotoDiode_1: autoDraw = True
466.6703 	EXP 	whitePhotoDiode_1: autoDraw = False
469.2038 	EXP 	whitePhotoDiode_1: autoDraw = True
469.4033 	EXP 	whitePhotoDiode_1: autoDraw = False
472.1206 	EXP 	whitePhotoDiode_1: autoDraw = True
472.3202 	EXP 	whitePhotoDiode_1: autoDraw = False
474.4039 	EXP 	whitePhotoDiode_1: autoDraw = True
474.6038 	EXP 	whitePhotoDiode_1: autoDraw = False
476.6539 	EXP 	whitePhotoDiode_1: autoDraw = True
476.8537 	EXP 	whitePhotoDiode_1: autoDraw = False
479.1704 	EXP 	whitePhotoDiode_1: autoDraw = True
479.3701 	EXP 	whitePhotoDiode_1: autoDraw = False
481.5367 	EXP 	whitePhotoDiode_1: autoDraw = True
481.7369 	EXP 	whitePhotoDiode_1: autoDraw = False
483.7036 	EXP 	whitePhotoDiode_1: autoDraw = True
483.9037 	EXP 	whitePhotoDiode_1: autoDraw = False
486.2037 	EXP 	whitePhotoDiode_1: autoDraw = True
486.4037 	EXP 	whitePhotoDiode_1: autoDraw = False
488.8038 	EXP 	whitePhotoDiode_1: autoDraw = True
489.0037 	EXP 	whitePhotoDiode_1: autoDraw = False
491.2205 	EXP 	whitePhotoDiode_1: autoDraw = True
491.4202 	EXP 	whitePhotoDiode_1: autoDraw = False
493.2204 	EXP 	whitePhotoDiode_1: autoDraw = True
493.4204 	EXP 	whitePhotoDiode_1: autoDraw = False
496.0035 	EXP 	whitePhotoDiode_1: autoDraw = True
496.2039 	EXP 	whitePhotoDiode_1: autoDraw = False
498.2367 	EXP 	whitePhotoDiode_1: autoDraw = True
498.4370 	EXP 	whitePhotoDiode_1: autoDraw = False
500.8037 	EXP 	whitePhotoDiode_1: autoDraw = True
501.0039 	EXP 	whitePhotoDiode_1: autoDraw = False
503.2703 	EXP 	whitePhotoDiode_1: autoDraw = True
503.4704 	EXP 	whitePhotoDiode_1: autoDraw = False
506.0369 	EXP 	whitePhotoDiode_1: autoDraw = True
506.2367 	EXP 	whitePhotoDiode_1: autoDraw = False
508.5368 	EXP 	whitePhotoDiode_1: autoDraw = True
508.7368 	EXP 	whitePhotoDiode_1: autoDraw = False
511.1370 	EXP 	whitePhotoDiode_1: autoDraw = True
511.3369 	EXP 	whitePhotoDiode_1: autoDraw = False
513.3202 	EXP 	whitePhotoDiode_1: autoDraw = True
513.5202 	EXP 	whitePhotoDiode_1: autoDraw = False
515.3371 	EXP 	whitePhotoDiode_1: autoDraw = True
515.5372 	EXP 	whitePhotoDiode_1: autoDraw = False
515.6372 	EXP 	blackPhotoDiodeBox: autoDraw = False
515.6372 	EXP 	whitePhotoDiode_1: autoDraw = False
515.6372 	EXP 	breathCountOnScreen: autoDraw = False
515.6372 	EXP 	text: autoDraw = True
515.6372 	EXP 	typedDisplay: autoDraw = True
515.6372 	EXP 	typedDisplay: height = 0.05
515.6372 	EXP 	typedDisplay: height = 0.05
515.6372 	EXP 	typedDisplay: height = 0.05
515.6372 	EXP 	typedDisplay: text = ''
519.3516 	DATA 	Keypress: 3
519.7796 	DATA 	Keypress: 3
523.7909 	DATA 	Keypress: space
526.2551 	EXP 	New trial (rep=1, index=0): <Trial 1 (0 in rep 1) data={'thisN': 1, 'thisTrialN': 0, 'thisRepN': 1}>
526.2565 	DATA 	Keypress: return
526.2701 	EXP 	text: autoDraw = False
526.2701 	EXP 	typedDisplay: autoDraw = False
526.2701 	EXP 	getReadyInstructions: autoDraw = True
529.3099 	DATA 	Keypress: space
529.3205 	EXP 	getReadyInstructions: autoDraw = False
529.3205 	EXP 	whitePhotoDiode_1: fillColor = <psychopy.colors.Color: white, alpha=1.0>
529.3205 	EXP 	blackPhotoDiodeBox: autoDraw = True
529.3205 	EXP 	breathCountOnScreen: autoDraw = True
531.3202 	EXP 	whitePhotoDiode_1: autoDraw = True
531.5205 	EXP 	whitePhotoDiode_1: autoDraw = False
533.7202 	EXP 	whitePhotoDiode_1: autoDraw = True
533.9203 	EXP 	whitePhotoDiode_1: autoDraw = False
536.6368 	EXP 	whitePhotoDiode_1: autoDraw = True
536.8368 	EXP 	whitePhotoDiode_1: autoDraw = False
539.3369 	EXP 	whitePhotoDiode_1: autoDraw = True
539.5367 	EXP 	whitePhotoDiode_1: autoDraw = False
542.0369 	EXP 	whitePhotoDiode_1: autoDraw = True
542.2371 	EXP 	whitePhotoDiode_1: autoDraw = False
544.1537 	EXP 	whitePhotoDiode_1: autoDraw = True
544.3537 	EXP 	whitePhotoDiode_1: autoDraw = False
546.7203 	EXP 	whitePhotoDiode_1: autoDraw = True
546.9205 	EXP 	whitePhotoDiode_1: autoDraw = False
549.6369 	EXP 	whitePhotoDiode_1: autoDraw = True
549.8368 	EXP 	whitePhotoDiode_1: autoDraw = False
552.1369 	EXP 	whitePhotoDiode_1: autoDraw = True
552.3370 	EXP 	whitePhotoDiode_1: autoDraw = False
554.8367 	EXP 	whitePhotoDiode_1: autoDraw = True
555.0368 	EXP 	whitePhotoDiode_1: autoDraw = False
557.5540 	EXP 	whitePhotoDiode_1: autoDraw = True
557.7533 	EXP 	whitePhotoDiode_1: autoDraw = False
560.2369 	EXP 	whitePhotoDiode_1: autoDraw = True
560.4368 	EXP 	whitePhotoDiode_1: autoDraw = False
562.4372 	EXP 	whitePhotoDiode_1: autoDraw = True
562.6370 	EXP 	whitePhotoDiode_1: autoDraw = False
565.0369 	EXP 	whitePhotoDiode_1: autoDraw = True
565.2368 	EXP 	whitePhotoDiode_1: autoDraw = False
567.7038 	EXP 	whitePhotoDiode_1: autoDraw = True
567.9034 	EXP 	whitePhotoDiode_1: autoDraw = False
569.9703 	EXP 	whitePhotoDiode_1: autoDraw = True
570.1705 	EXP 	whitePhotoDiode_1: autoDraw = False
572.1870 	EXP 	whitePhotoDiode_1: autoDraw = True
572.3872 	EXP 	whitePhotoDiode_1: autoDraw = False
574.7868 	EXP 	whitePhotoDiode_1: autoDraw = True
574.9868 	EXP 	whitePhotoDiode_1: autoDraw = False
577.6703 	EXP 	whitePhotoDiode_1: autoDraw = True
577.8704 	EXP 	whitePhotoDiode_1: autoDraw = False
580.2204 	EXP 	whitePhotoDiode_1: autoDraw = True
580.4204 	EXP 	whitePhotoDiode_1: autoDraw = False
582.4038 	EXP 	whitePhotoDiode_1: autoDraw = True
582.6036 	EXP 	whitePhotoDiode_1: autoDraw = False
584.8868 	EXP 	whitePhotoDiode_1: autoDraw = True
585.0868 	EXP 	whitePhotoDiode_1: autoDraw = False
587.6202 	EXP 	whitePhotoDiode_1: autoDraw = True
587.8202 	EXP 	whitePhotoDiode_1: autoDraw = False
590.4367 	EXP 	whitePhotoDiode_1: autoDraw = True
590.6370 	EXP 	whitePhotoDiode_1: autoDraw = False
592.9204 	EXP 	whitePhotoDiode_1: autoDraw = True
593.1201 	EXP 	whitePhotoDiode_1: autoDraw = False
595.2702 	EXP 	whitePhotoDiode_1: autoDraw = True
595.4704 	EXP 	whitePhotoDiode_1: autoDraw = False
597.3870 	EXP 	whitePhotoDiode_1: autoDraw = True
597.5868 	EXP 	whitePhotoDiode_1: autoDraw = False
600.0204 	EXP 	whitePhotoDiode_1: autoDraw = True
600.2202 	EXP 	whitePhotoDiode_1: autoDraw = False
602.5538 	EXP 	whitePhotoDiode_1: autoDraw = True
602.7536 	EXP 	whitePhotoDiode_1: autoDraw = False
605.3039 	EXP 	whitePhotoDiode_1: autoDraw = True
605.5036 	EXP 	whitePhotoDiode_1: autoDraw = False
607.4367 	EXP 	whitePhotoDiode_1: autoDraw = True
607.6367 	EXP 	whitePhotoDiode_1: autoDraw = False
610.0701 	EXP 	whitePhotoDiode_1: autoDraw = True
610.2703 	EXP 	whitePhotoDiode_1: autoDraw = False
612.1702 	EXP 	whitePhotoDiode_1: autoDraw = True
612.3702 	EXP 	whitePhotoDiode_1: autoDraw = False
614.9866 	EXP 	whitePhotoDiode_1: autoDraw = True
615.1870 	EXP 	whitePhotoDiode_1: autoDraw = False
617.1871 	EXP 	whitePhotoDiode_1: autoDraw = True
617.3865 	EXP 	whitePhotoDiode_1: autoDraw = False
619.3870 	EXP 	whitePhotoDiode_1: autoDraw = True
619.5865 	EXP 	whitePhotoDiode_1: autoDraw = False
622.1865 	EXP 	whitePhotoDiode_1: autoDraw = True
622.3867 	EXP 	whitePhotoDiode_1: autoDraw = False
625.1534 	EXP 	whitePhotoDiode_1: autoDraw = True
625.3537 	EXP 	whitePhotoDiode_1: autoDraw = False
627.9537 	EXP 	whitePhotoDiode_1: autoDraw = True
628.1535 	EXP 	whitePhotoDiode_1: autoDraw = False
630.8701 	EXP 	whitePhotoDiode_1: autoDraw = True
631.0701 	EXP 	whitePhotoDiode_1: autoDraw = False
633.0703 	EXP 	whitePhotoDiode_1: autoDraw = True
633.2705 	EXP 	whitePhotoDiode_1: autoDraw = False
635.1870 	EXP 	whitePhotoDiode_1: autoDraw = True
635.3871 	EXP 	whitePhotoDiode_1: autoDraw = False
637.7869 	EXP 	whitePhotoDiode_1: autoDraw = True
637.9866 	EXP 	whitePhotoDiode_1: autoDraw = False
639.8863 	EXP 	whitePhotoDiode_1: autoDraw = True
640.0865 	EXP 	whitePhotoDiode_1: autoDraw = False
642.7202 	EXP 	whitePhotoDiode_1: autoDraw = True
642.9201 	EXP 	whitePhotoDiode_1: autoDraw = False
644.9868 	EXP 	whitePhotoDiode_1: autoDraw = True
645.1869 	EXP 	whitePhotoDiode_1: autoDraw = False
647.2368 	EXP 	whitePhotoDiode_1: autoDraw = True
647.4368 	EXP 	whitePhotoDiode_1: autoDraw = False
649.3367 	EXP 	blackPhotoDiodeBox: autoDraw = False
649.3367 	EXP 	whitePhotoDiode_1: autoDraw = False
649.3367 	EXP 	breathCountOnScreen: autoDraw = False
649.3367 	EXP 	text: autoDraw = True
649.3367 	EXP 	typedDisplay: autoDraw = True
652.3130 	DATA 	Keypress: 3
654.0831 	DATA 	Keypress: 9
655.5740 	DATA 	Keypress: return
655.5880 	EXP 	New trial (rep=2, index=0): <Trial 2 (0 in rep 2) data={'thisN': 2, 'thisTrialN': 0, 'thisRepN': 2}>
655.6032 	EXP 	text: autoDraw = False
655.6032 	EXP 	typedDisplay: autoDraw = False
655.6032 	EXP 	getReadyInstructions: autoDraw = True
656.9262 	DATA 	Keypress: space
656.9369 	EXP 	getReadyInstructions: autoDraw = False
656.9369 	EXP 	whitePhotoDiode_1: fillColor = <psychopy.colors.Color: white, alpha=1.0>
656.9369 	EXP 	blackPhotoDiodeBox: autoDraw = True
656.9369 	EXP 	breathCountOnScreen: autoDraw = True
658.9368 	EXP 	whitePhotoDiode_1: autoDraw = True
659.1367 	EXP 	whitePhotoDiode_1: autoDraw = False
661.8201 	EXP 	whitePhotoDiode_1: autoDraw = True
662.0204 	EXP 	whitePhotoDiode_1: autoDraw = False
664.5706 	EXP 	whitePhotoDiode_1: autoDraw = True
664.7703 	EXP 	whitePhotoDiode_1: autoDraw = False
666.7035 	EXP 	whitePhotoDiode_1: autoDraw = True
666.9038 	EXP 	whitePhotoDiode_1: autoDraw = False
669.6867 	EXP 	whitePhotoDiode_1: autoDraw = True
669.8867 	EXP 	whitePhotoDiode_1: autoDraw = False
672.3368 	EXP 	whitePhotoDiode_1: autoDraw = True
672.5367 	EXP 	whitePhotoDiode_1: autoDraw = False
674.5536 	EXP 	whitePhotoDiode_1: autoDraw = True
674.7538 	EXP 	whitePhotoDiode_1: autoDraw = False
676.9870 	EXP 	whitePhotoDiode_1: autoDraw = True
677.1869 	EXP 	whitePhotoDiode_1: autoDraw = False
679.7035 	EXP 	whitePhotoDiode_1: autoDraw = True
679.9032 	EXP 	whitePhotoDiode_1: autoDraw = False
682.5204 	EXP 	whitePhotoDiode_1: autoDraw = True
682.7199 	EXP 	whitePhotoDiode_1: autoDraw = False
684.8869 	EXP 	whitePhotoDiode_1: autoDraw = True
685.0871 	EXP 	whitePhotoDiode_1: autoDraw = False
687.5204 	EXP 	whitePhotoDiode_1: autoDraw = True
687.7201 	EXP 	whitePhotoDiode_1: autoDraw = False
689.7367 	EXP 	whitePhotoDiode_1: autoDraw = True
689.9371 	EXP 	whitePhotoDiode_1: autoDraw = False
692.4704 	EXP 	whitePhotoDiode_1: autoDraw = True
692.6702 	EXP 	whitePhotoDiode_1: autoDraw = False
694.6036 	EXP 	whitePhotoDiode_1: autoDraw = True
694.8034 	EXP 	whitePhotoDiode_1: autoDraw = False
697.5032 	EXP 	whitePhotoDiode_1: autoDraw = True
697.7035 	EXP 	whitePhotoDiode_1: autoDraw = False
700.3365 	EXP 	whitePhotoDiode_1: autoDraw = True
700.5365 	EXP 	whitePhotoDiode_1: autoDraw = False
702.4037 	EXP 	whitePhotoDiode_1: autoDraw = True
702.6036 	EXP 	whitePhotoDiode_1: autoDraw = False
705.2868 	EXP 	whitePhotoDiode_1: autoDraw = True
705.4867 	EXP 	whitePhotoDiode_1: autoDraw = False
707.9703 	EXP 	whitePhotoDiode_1: autoDraw = True
708.1702 	EXP 	whitePhotoDiode_1: autoDraw = False
710.8037 	EXP 	whitePhotoDiode_1: autoDraw = True
711.0033 	EXP 	whitePhotoDiode_1: autoDraw = False
713.3701 	EXP 	whitePhotoDiode_1: autoDraw = True
713.5700 	EXP 	whitePhotoDiode_1: autoDraw = False
715.7867 	EXP 	whitePhotoDiode_1: autoDraw = True
715.9866 	EXP 	whitePhotoDiode_1: autoDraw = False
718.3535 	EXP 	whitePhotoDiode_1: autoDraw = True
718.5535 	EXP 	whitePhotoDiode_1: autoDraw = False
720.8534 	EXP 	whitePhotoDiode_1: autoDraw = True
721.0536 	EXP 	whitePhotoDiode_1: autoDraw = False
723.8037 	EXP 	whitePhotoDiode_1: autoDraw = True
724.0033 	EXP 	whitePhotoDiode_1: autoDraw = False
725.9536 	EXP 	whitePhotoDiode_1: autoDraw = True
726.1536 	EXP 	whitePhotoDiode_1: autoDraw = False
728.0034 	EXP 	whitePhotoDiode_1: autoDraw = True
728.2033 	EXP 	whitePhotoDiode_1: autoDraw = False
730.2204 	EXP 	whitePhotoDiode_1: autoDraw = True
730.4201 	EXP 	whitePhotoDiode_1: autoDraw = False
733.2035 	EXP 	whitePhotoDiode_1: autoDraw = True
733.4034 	EXP 	whitePhotoDiode_1: autoDraw = False
735.5035 	EXP 	whitePhotoDiode_1: autoDraw = True
735.7033 	EXP 	whitePhotoDiode_1: autoDraw = False
738.2534 	EXP 	whitePhotoDiode_1: autoDraw = True
738.4534 	EXP 	whitePhotoDiode_1: autoDraw = False
741.0202 	EXP 	whitePhotoDiode_1: autoDraw = True
741.2202 	EXP 	whitePhotoDiode_1: autoDraw = False
743.1701 	EXP 	whitePhotoDiode_1: autoDraw = True
743.3700 	EXP 	whitePhotoDiode_1: autoDraw = False
745.8037 	EXP 	whitePhotoDiode_1: autoDraw = True
746.0034 	EXP 	whitePhotoDiode_1: autoDraw = False
748.1202 	EXP 	whitePhotoDiode_1: autoDraw = True
748.3201 	EXP 	whitePhotoDiode_1: autoDraw = False
750.4367 	EXP 	whitePhotoDiode_1: autoDraw = True
750.6369 	EXP 	whitePhotoDiode_1: autoDraw = False
752.4368 	EXP 	whitePhotoDiode_1: autoDraw = True
752.6369 	EXP 	whitePhotoDiode_1: autoDraw = False
755.1204 	EXP 	whitePhotoDiode_1: autoDraw = True
755.3202 	EXP 	whitePhotoDiode_1: autoDraw = False
757.8371 	EXP 	whitePhotoDiode_1: autoDraw = True
758.0369 	EXP 	whitePhotoDiode_1: autoDraw = False
760.8035 	EXP 	whitePhotoDiode_1: autoDraw = True
761.0035 	EXP 	whitePhotoDiode_1: autoDraw = False
763.4369 	EXP 	whitePhotoDiode_1: autoDraw = True
763.6367 	EXP 	whitePhotoDiode_1: autoDraw = False
765.9367 	EXP 	whitePhotoDiode_1: autoDraw = True
766.1367 	EXP 	whitePhotoDiode_1: autoDraw = False
768.7367 	EXP 	whitePhotoDiode_1: autoDraw = True
768.9371 	EXP 	whitePhotoDiode_1: autoDraw = False
771.0535 	EXP 	whitePhotoDiode_1: autoDraw = True
771.2531 	EXP 	whitePhotoDiode_1: autoDraw = False
773.2701 	EXP 	whitePhotoDiode_1: autoDraw = True
773.4703 	EXP 	whitePhotoDiode_1: autoDraw = False
775.6035 	EXP 	whitePhotoDiode_1: autoDraw = True
775.8036 	EXP 	whitePhotoDiode_1: autoDraw = False
776.9535 	EXP 	blackPhotoDiodeBox: autoDraw = False
776.9535 	EXP 	whitePhotoDiode_1: autoDraw = False
776.9535 	EXP 	breathCountOnScreen: autoDraw = False
776.9535 	EXP 	text: autoDraw = True
776.9535 	EXP 	typedDisplay: autoDraw = True
779.9245 	DATA 	Keypress: left
781.8706 	DATA 	Keypress: 4
782.9748 	DATA 	Keypress: 1
785.1046 	EXP 	New trial (rep=3, index=0): <Trial 3 (0 in rep 3) data={'thisN': 3, 'thisTrialN': 0, 'thisRepN': 3}>
785.1059 	DATA 	Keypress: return
785.1198 	EXP 	text: autoDraw = False
785.1198 	EXP 	typedDisplay: autoDraw = False
785.1198 	EXP 	getReadyInstructions: autoDraw = True
786.6920 	DATA 	Keypress: space
786.7036 	EXP 	getReadyInstructions: autoDraw = False
786.7036 	EXP 	whitePhotoDiode_1: fillColor = <psychopy.colors.Color: white, alpha=1.0>
786.7036 	EXP 	blackPhotoDiodeBox: autoDraw = True
786.7036 	EXP 	breathCountOnScreen: autoDraw = True
788.7035 	EXP 	whitePhotoDiode_1: autoDraw = True
788.9035 	EXP 	whitePhotoDiode_1: autoDraw = False
791.2703 	EXP 	whitePhotoDiode_1: autoDraw = True
791.4700 	EXP 	whitePhotoDiode_1: autoDraw = False
793.4865 	EXP 	whitePhotoDiode_1: autoDraw = True
793.6867 	EXP 	whitePhotoDiode_1: autoDraw = False
796.0038 	EXP 	whitePhotoDiode_1: autoDraw = True
796.2034 	EXP 	whitePhotoDiode_1: autoDraw = False
798.0701 	EXP 	whitePhotoDiode_1: autoDraw = True
798.2701 	EXP 	whitePhotoDiode_1: autoDraw = False
800.1199 	EXP 	whitePhotoDiode_1: autoDraw = True
800.3200 	EXP 	whitePhotoDiode_1: autoDraw = False
802.6702 	EXP 	whitePhotoDiode_1: autoDraw = True
802.8701 	EXP 	whitePhotoDiode_1: autoDraw = False
805.2366 	EXP 	whitePhotoDiode_1: autoDraw = True
805.4369 	EXP 	whitePhotoDiode_1: autoDraw = False
807.6036 	EXP 	whitePhotoDiode_1: autoDraw = True
807.8035 	EXP 	whitePhotoDiode_1: autoDraw = False
810.0036 	EXP 	whitePhotoDiode_1: autoDraw = True
810.2038 	EXP 	whitePhotoDiode_1: autoDraw = False
812.3865 	EXP 	whitePhotoDiode_1: autoDraw = True
812.5868 	EXP 	whitePhotoDiode_1: autoDraw = False
814.6365 	EXP 	whitePhotoDiode_1: autoDraw = True
814.8368 	EXP 	whitePhotoDiode_1: autoDraw = False
817.5704 	EXP 	whitePhotoDiode_1: autoDraw = True
817.7700 	EXP 	whitePhotoDiode_1: autoDraw = False
820.5366 	EXP 	whitePhotoDiode_1: autoDraw = True
820.7366 	EXP 	whitePhotoDiode_1: autoDraw = False
822.5535 	EXP 	whitePhotoDiode_1: autoDraw = True
822.7535 	EXP 	whitePhotoDiode_1: autoDraw = False
824.9865 	EXP 	whitePhotoDiode_1: autoDraw = True
825.1868 	EXP 	whitePhotoDiode_1: autoDraw = False
827.8203 	EXP 	whitePhotoDiode_1: autoDraw = True
828.0200 	EXP 	whitePhotoDiode_1: autoDraw = False
830.7037 	EXP 	whitePhotoDiode_1: autoDraw = True
830.9033 	EXP 	whitePhotoDiode_1: autoDraw = False
833.4701 	EXP 	whitePhotoDiode_1: autoDraw = True
833.6704 	EXP 	whitePhotoDiode_1: autoDraw = False
836.4201 	EXP 	whitePhotoDiode_1: autoDraw = True
836.6200 	EXP 	whitePhotoDiode_1: autoDraw = False
838.5203 	EXP 	whitePhotoDiode_1: autoDraw = True
838.7201 	EXP 	whitePhotoDiode_1: autoDraw = False
841.4201 	EXP 	whitePhotoDiode_1: autoDraw = True
841.6203 	EXP 	whitePhotoDiode_1: autoDraw = False
843.8037 	EXP 	whitePhotoDiode_1: autoDraw = True
844.0037 	EXP 	whitePhotoDiode_1: autoDraw = False
846.6367 	EXP 	whitePhotoDiode_1: autoDraw = True
846.8367 	EXP 	whitePhotoDiode_1: autoDraw = False
849.5703 	EXP 	whitePhotoDiode_1: autoDraw = True
849.7701 	EXP 	whitePhotoDiode_1: autoDraw = False
852.5033 	EXP 	whitePhotoDiode_1: autoDraw = True
852.7035 	EXP 	whitePhotoDiode_1: autoDraw = False
855.0201 	EXP 	whitePhotoDiode_1: autoDraw = True
855.2204 	EXP 	whitePhotoDiode_1: autoDraw = False
857.8864 	EXP 	whitePhotoDiode_1: autoDraw = True
858.0864 	EXP 	whitePhotoDiode_1: autoDraw = False
860.1694 	EXP 	whitePhotoDiode_1: autoDraw = True
860.3695 	EXP 	whitePhotoDiode_1: autoDraw = False
862.3202 	EXP 	whitePhotoDiode_1: autoDraw = True
862.5199 	EXP 	whitePhotoDiode_1: autoDraw = False
864.8535 	EXP 	whitePhotoDiode_1: autoDraw = True
865.0535 	EXP 	whitePhotoDiode_1: autoDraw = False
867.7867 	EXP 	whitePhotoDiode_1: autoDraw = True
867.9869 	EXP 	whitePhotoDiode_1: autoDraw = False
869.9698 	EXP 	whitePhotoDiode_1: autoDraw = True
870.1703 	EXP 	whitePhotoDiode_1: autoDraw = False
872.5367 	EXP 	whitePhotoDiode_1: autoDraw = True
872.7364 	EXP 	whitePhotoDiode_1: autoDraw = False
875.4536 	EXP 	whitePhotoDiode_1: autoDraw = True
875.6534 	EXP 	whitePhotoDiode_1: autoDraw = False
877.7201 	EXP 	whitePhotoDiode_1: autoDraw = True
877.9199 	EXP 	whitePhotoDiode_1: autoDraw = False
880.3364 	EXP 	whitePhotoDiode_1: autoDraw = True
880.5367 	EXP 	whitePhotoDiode_1: autoDraw = False
882.3702 	EXP 	whitePhotoDiode_1: autoDraw = True
882.5700 	EXP 	whitePhotoDiode_1: autoDraw = False
885.2035 	EXP 	whitePhotoDiode_1: autoDraw = True
885.4034 	EXP 	whitePhotoDiode_1: autoDraw = False
887.5534 	EXP 	whitePhotoDiode_1: autoDraw = True
887.7534 	EXP 	whitePhotoDiode_1: autoDraw = False
890.0034 	EXP 	whitePhotoDiode_1: autoDraw = True
890.2033 	EXP 	whitePhotoDiode_1: autoDraw = False
892.2869 	EXP 	whitePhotoDiode_1: autoDraw = True
892.4870 	EXP 	whitePhotoDiode_1: autoDraw = False
895.2032 	EXP 	whitePhotoDiode_1: autoDraw = True
895.4034 	EXP 	whitePhotoDiode_1: autoDraw = False
897.7701 	EXP 	whitePhotoDiode_1: autoDraw = True
897.9700 	EXP 	whitePhotoDiode_1: autoDraw = False
900.7035 	EXP 	whitePhotoDiode_1: autoDraw = True
900.9034 	EXP 	whitePhotoDiode_1: autoDraw = False
903.2535 	EXP 	whitePhotoDiode_1: autoDraw = True
903.4532 	EXP 	whitePhotoDiode_1: autoDraw = False
905.3536 	EXP 	whitePhotoDiode_1: autoDraw = True
905.5534 	EXP 	whitePhotoDiode_1: autoDraw = False
906.7202 	EXP 	blackPhotoDiodeBox: autoDraw = False
906.7202 	EXP 	whitePhotoDiode_1: autoDraw = False
906.7202 	EXP 	breathCountOnScreen: autoDraw = False
906.7202 	EXP 	text: autoDraw = True
906.7202 	EXP 	typedDisplay: autoDraw = True
910.1153 	DATA 	Keypress: 5
911.2248 	DATA 	Keypress: 1
912.1048 	EXP 	New trial (rep=4, index=0): <Trial 4 (0 in rep 4) data={'thisN': 4, 'thisTrialN': 0, 'thisRepN': 4}>
912.1061 	DATA 	Keypress: return
912.1199 	EXP 	text: autoDraw = False
912.1199 	EXP 	typedDisplay: autoDraw = False
912.1199 	EXP 	getReadyInstructions: autoDraw = True
943.9092 	DATA 	Keypress: space
943.9201 	EXP 	getReadyInstructions: autoDraw = False
943.9201 	EXP 	whitePhotoDiode_1: fillColor = <psychopy.colors.Color: white, alpha=1.0>
943.9201 	EXP 	blackPhotoDiodeBox: autoDraw = True
943.9201 	EXP 	breathCountOnScreen: autoDraw = True
945.9201 	EXP 	whitePhotoDiode_1: autoDraw = True
946.1202 	EXP 	whitePhotoDiode_1: autoDraw = False
948.5534 	EXP 	whitePhotoDiode_1: autoDraw = True
948.7534 	EXP 	whitePhotoDiode_1: autoDraw = False
951.2533 	EXP 	whitePhotoDiode_1: autoDraw = True
951.4534 	EXP 	whitePhotoDiode_1: autoDraw = False
954.0369 	EXP 	whitePhotoDiode_1: autoDraw = True
954.2368 	EXP 	whitePhotoDiode_1: autoDraw = False
956.6866 	EXP 	whitePhotoDiode_1: autoDraw = True
956.8869 	EXP 	whitePhotoDiode_1: autoDraw = False
958.7866 	EXP 	whitePhotoDiode_1: autoDraw = True
958.9864 	EXP 	whitePhotoDiode_1: autoDraw = False
960.9199 	EXP 	whitePhotoDiode_1: autoDraw = True
961.1196 	EXP 	whitePhotoDiode_1: autoDraw = False
963.0365 	EXP 	whitePhotoDiode_1: autoDraw = True
963.2365 	EXP 	whitePhotoDiode_1: autoDraw = False
965.3704 	EXP 	whitePhotoDiode_1: autoDraw = True
965.5702 	EXP 	whitePhotoDiode_1: autoDraw = False
967.8034 	EXP 	whitePhotoDiode_1: autoDraw = True
968.0036 	EXP 	whitePhotoDiode_1: autoDraw = False
970.7363 	EXP 	whitePhotoDiode_1: autoDraw = True
970.9367 	EXP 	whitePhotoDiode_1: autoDraw = False
973.6369 	EXP 	whitePhotoDiode_1: autoDraw = True
973.8365 	EXP 	whitePhotoDiode_1: autoDraw = False
976.0031 	EXP 	whitePhotoDiode_1: autoDraw = True
976.2035 	EXP 	whitePhotoDiode_1: autoDraw = False
978.4364 	EXP 	whitePhotoDiode_1: autoDraw = True
978.6365 	EXP 	whitePhotoDiode_1: autoDraw = False
981.1367 	EXP 	whitePhotoDiode_1: autoDraw = True
981.3366 	EXP 	whitePhotoDiode_1: autoDraw = False
983.9203 	EXP 	whitePhotoDiode_1: autoDraw = True
984.1202 	EXP 	whitePhotoDiode_1: autoDraw = False
986.3703 	EXP 	whitePhotoDiode_1: autoDraw = True
986.5698 	EXP 	whitePhotoDiode_1: autoDraw = False
989.1865 	EXP 	whitePhotoDiode_1: autoDraw = True
989.3866 	EXP 	whitePhotoDiode_1: autoDraw = False
991.4699 	EXP 	whitePhotoDiode_1: autoDraw = True
991.6699 	EXP 	whitePhotoDiode_1: autoDraw = False
994.3537 	EXP 	whitePhotoDiode_1: autoDraw = True
994.5531 	EXP 	whitePhotoDiode_1: autoDraw = False
997.1032 	EXP 	whitePhotoDiode_1: autoDraw = True
997.3035 	EXP 	whitePhotoDiode_1: autoDraw = False
999.3034 	EXP 	whitePhotoDiode_1: autoDraw = True
999.5033 	EXP 	whitePhotoDiode_1: autoDraw = False
1002.1033 	EXP 	whitePhotoDiode_1: autoDraw = True
1002.3030 	EXP 	whitePhotoDiode_1: autoDraw = False
1004.7366 	EXP 	whitePhotoDiode_1: autoDraw = True
1004.9366 	EXP 	whitePhotoDiode_1: autoDraw = False
1007.2866 	EXP 	whitePhotoDiode_1: autoDraw = True
1007.4864 	EXP 	whitePhotoDiode_1: autoDraw = False
1009.8536 	EXP 	whitePhotoDiode_1: autoDraw = True
1010.0533 	EXP 	whitePhotoDiode_1: autoDraw = False
1012.5868 	EXP 	whitePhotoDiode_1: autoDraw = True
1012.7866 	EXP 	whitePhotoDiode_1: autoDraw = False
1014.8699 	EXP 	whitePhotoDiode_1: autoDraw = True
1015.0701 	EXP 	whitePhotoDiode_1: autoDraw = False
1017.6534 	EXP 	whitePhotoDiode_1: autoDraw = True
1017.8535 	EXP 	whitePhotoDiode_1: autoDraw = False
1020.5702 	EXP 	whitePhotoDiode_1: autoDraw = True
1020.7698 	EXP 	whitePhotoDiode_1: autoDraw = False
1023.2201 	EXP 	whitePhotoDiode_1: autoDraw = True
1023.4200 	EXP 	whitePhotoDiode_1: autoDraw = False
1025.9700 	EXP 	whitePhotoDiode_1: autoDraw = True
1026.1699 	EXP 	whitePhotoDiode_1: autoDraw = False
1028.7197 	EXP 	whitePhotoDiode_1: autoDraw = True
1028.9195 	EXP 	whitePhotoDiode_1: autoDraw = False
1031.5533 	EXP 	whitePhotoDiode_1: autoDraw = True
1031.7534 	EXP 	whitePhotoDiode_1: autoDraw = False
1034.1366 	EXP 	whitePhotoDiode_1: autoDraw = True
1034.3364 	EXP 	whitePhotoDiode_1: autoDraw = False
1036.3366 	EXP 	whitePhotoDiode_1: autoDraw = True
1036.5365 	EXP 	whitePhotoDiode_1: autoDraw = False
1038.4198 	EXP 	whitePhotoDiode_1: autoDraw = True
1038.6200 	EXP 	whitePhotoDiode_1: autoDraw = False
1040.7031 	EXP 	whitePhotoDiode_1: autoDraw = True
1040.9034 	EXP 	whitePhotoDiode_1: autoDraw = False
1043.1535 	EXP 	whitePhotoDiode_1: autoDraw = True
1043.3533 	EXP 	whitePhotoDiode_1: autoDraw = False
1045.4865 	EXP 	whitePhotoDiode_1: autoDraw = True
1045.6866 	EXP 	whitePhotoDiode_1: autoDraw = False
1047.9201 	EXP 	whitePhotoDiode_1: autoDraw = True
1048.1197 	EXP 	whitePhotoDiode_1: autoDraw = False
1049.9201 	EXP 	whitePhotoDiode_1: autoDraw = True
1050.1201 	EXP 	whitePhotoDiode_1: autoDraw = False
1052.5700 	EXP 	whitePhotoDiode_1: autoDraw = True
1052.7701 	EXP 	whitePhotoDiode_1: autoDraw = False
1055.2365 	EXP 	whitePhotoDiode_1: autoDraw = True
1055.4365 	EXP 	whitePhotoDiode_1: autoDraw = False
1058.0363 	EXP 	whitePhotoDiode_1: autoDraw = True
1058.2364 	EXP 	whitePhotoDiode_1: autoDraw = False
1060.1033 	EXP 	whitePhotoDiode_1: autoDraw = True
1060.3032 	EXP 	whitePhotoDiode_1: autoDraw = False
1062.4533 	EXP 	whitePhotoDiode_1: autoDraw = True
1062.6532 	EXP 	whitePhotoDiode_1: autoDraw = False
1063.9366 	EXP 	blackPhotoDiodeBox: autoDraw = False
1063.9366 	EXP 	whitePhotoDiode_1: autoDraw = False
1063.9366 	EXP 	breathCountOnScreen: autoDraw = False
1063.9366 	EXP 	text: autoDraw = True
1063.9366 	EXP 	typedDisplay: autoDraw = True
1066.9448 	DATA 	Keypress: 3
1068.1288 	DATA 	Keypress: 9
1068.6066 	DATA 	Keypress: return
1072.5382 	EXP 	New trial (rep=5, index=0): <Trial 5 (0 in rep 5) data={'thisN': 5, 'thisTrialN': 0, 'thisRepN': 5}>
1072.5396 	DATA 	Keypress: return
1072.5531 	EXP 	text: autoDraw = False
1072.5531 	EXP 	typedDisplay: autoDraw = False
1072.5531 	EXP 	getReadyInstructions: autoDraw = True
1076.7589 	DATA 	Keypress: space
1076.7699 	EXP 	getReadyInstructions: autoDraw = False
1076.7699 	EXP 	whitePhotoDiode_1: fillColor = <psychopy.colors.Color: white, alpha=1.0>
1076.7699 	EXP 	blackPhotoDiodeBox: autoDraw = True
1076.7699 	EXP 	breathCountOnScreen: autoDraw = True
1078.7699 	EXP 	whitePhotoDiode_1: autoDraw = True
1078.9699 	EXP 	whitePhotoDiode_1: autoDraw = False
1081.5033 	EXP 	whitePhotoDiode_1: autoDraw = True
1081.7029 	EXP 	whitePhotoDiode_1: autoDraw = False
1084.0197 	EXP 	whitePhotoDiode_1: autoDraw = True
1084.2199 	EXP 	whitePhotoDiode_1: autoDraw = False
1086.1199 	EXP 	whitePhotoDiode_1: autoDraw = True
1086.3200 	EXP 	whitePhotoDiode_1: autoDraw = False
1089.1031 	EXP 	whitePhotoDiode_1: autoDraw = True
1089.3036 	EXP 	whitePhotoDiode_1: autoDraw = False
1091.4699 	EXP 	whitePhotoDiode_1: autoDraw = True
1091.6700 	EXP 	whitePhotoDiode_1: autoDraw = False
1094.1865 	EXP 	whitePhotoDiode_1: autoDraw = True
1094.3868 	EXP 	whitePhotoDiode_1: autoDraw = False
1096.3699 	EXP 	whitePhotoDiode_1: autoDraw = True
1096.5698 	EXP 	whitePhotoDiode_1: autoDraw = False
1099.0865 	EXP 	whitePhotoDiode_1: autoDraw = True
1099.2868 	EXP 	whitePhotoDiode_1: autoDraw = False
1101.7365 	EXP 	whitePhotoDiode_1: autoDraw = True
1101.9364 	EXP 	whitePhotoDiode_1: autoDraw = False
1104.6531 	EXP 	whitePhotoDiode_1: autoDraw = True
1104.8533 	EXP 	whitePhotoDiode_1: autoDraw = False
1106.6869 	EXP 	whitePhotoDiode_1: autoDraw = True
1106.8863 	EXP 	whitePhotoDiode_1: autoDraw = False
1109.6199 	EXP 	whitePhotoDiode_1: autoDraw = True
1109.8201 	EXP 	whitePhotoDiode_1: autoDraw = False
1112.2199 	EXP 	whitePhotoDiode_1: autoDraw = True
1112.4198 	EXP 	whitePhotoDiode_1: autoDraw = False
1114.3868 	EXP 	whitePhotoDiode_1: autoDraw = True
1114.5866 	EXP 	whitePhotoDiode_1: autoDraw = False
1116.7866 	EXP 	whitePhotoDiode_1: autoDraw = True
1116.9865 	EXP 	whitePhotoDiode_1: autoDraw = False
1119.7533 	EXP 	whitePhotoDiode_1: autoDraw = True
1119.9534 	EXP 	whitePhotoDiode_1: autoDraw = False
1122.2365 	EXP 	whitePhotoDiode_1: autoDraw = True
1122.4365 	EXP 	whitePhotoDiode_1: autoDraw = False
1124.2534 	EXP 	whitePhotoDiode_1: autoDraw = True
1124.4534 	EXP 	whitePhotoDiode_1: autoDraw = False
1126.5033 	EXP 	whitePhotoDiode_1: autoDraw = True
1126.7033 	EXP 	whitePhotoDiode_1: autoDraw = False
1129.2366 	EXP 	whitePhotoDiode_1: autoDraw = True
1129.4365 	EXP 	whitePhotoDiode_1: autoDraw = False
1131.7864 	EXP 	whitePhotoDiode_1: autoDraw = True
1131.9865 	EXP 	whitePhotoDiode_1: autoDraw = False
1134.4864 	EXP 	whitePhotoDiode_1: autoDraw = True
1134.6865 	EXP 	whitePhotoDiode_1: autoDraw = False
1137.1535 	EXP 	whitePhotoDiode_1: autoDraw = True
1137.3528 	EXP 	whitePhotoDiode_1: autoDraw = False
1140.1195 	EXP 	whitePhotoDiode_1: autoDraw = True
1140.3198 	EXP 	whitePhotoDiode_1: autoDraw = False
1142.2699 	EXP 	whitePhotoDiode_1: autoDraw = True
1142.4699 	EXP 	whitePhotoDiode_1: autoDraw = False
1145.1198 	EXP 	whitePhotoDiode_1: autoDraw = True
1145.3199 	EXP 	whitePhotoDiode_1: autoDraw = False
1147.9198 	EXP 	whitePhotoDiode_1: autoDraw = True
1148.1199 	EXP 	whitePhotoDiode_1: autoDraw = False
1150.5865 	EXP 	whitePhotoDiode_1: autoDraw = True
1150.7866 	EXP 	whitePhotoDiode_1: autoDraw = False
1152.8697 	EXP 	whitePhotoDiode_1: autoDraw = True
1153.0698 	EXP 	whitePhotoDiode_1: autoDraw = False
1154.9697 	EXP 	whitePhotoDiode_1: autoDraw = True
1155.1701 	EXP 	whitePhotoDiode_1: autoDraw = False
1157.7032 	EXP 	whitePhotoDiode_1: autoDraw = True
1157.9031 	EXP 	whitePhotoDiode_1: autoDraw = False
1160.1699 	EXP 	whitePhotoDiode_1: autoDraw = True
1160.3700 	EXP 	whitePhotoDiode_1: autoDraw = False
1162.7199 	EXP 	whitePhotoDiode_1: autoDraw = True
1162.9198 	EXP 	whitePhotoDiode_1: autoDraw = False
1165.4364 	EXP 	whitePhotoDiode_1: autoDraw = True
1165.6363 	EXP 	whitePhotoDiode_1: autoDraw = False
1168.4200 	EXP 	whitePhotoDiode_1: autoDraw = True
1168.6202 	EXP 	whitePhotoDiode_1: autoDraw = False
1170.8529 	EXP 	whitePhotoDiode_1: autoDraw = True
1171.0532 	EXP 	whitePhotoDiode_1: autoDraw = False
1173.3197 	EXP 	whitePhotoDiode_1: autoDraw = True
1173.5199 	EXP 	whitePhotoDiode_1: autoDraw = False
1176.0366 	EXP 	whitePhotoDiode_1: autoDraw = True
1176.2362 	EXP 	whitePhotoDiode_1: autoDraw = False
1178.9365 	EXP 	whitePhotoDiode_1: autoDraw = True
1179.1363 	EXP 	whitePhotoDiode_1: autoDraw = False
1181.1864 	EXP 	whitePhotoDiode_1: autoDraw = True
1181.3864 	EXP 	whitePhotoDiode_1: autoDraw = False
1183.7698 	EXP 	whitePhotoDiode_1: autoDraw = True
1183.9699 	EXP 	whitePhotoDiode_1: autoDraw = False
1186.6533 	EXP 	whitePhotoDiode_1: autoDraw = True
1186.8533 	EXP 	whitePhotoDiode_1: autoDraw = False
1188.9364 	EXP 	whitePhotoDiode_1: autoDraw = True
1189.1363 	EXP 	whitePhotoDiode_1: autoDraw = False
1191.3197 	EXP 	whitePhotoDiode_1: autoDraw = True
1191.5199 	EXP 	whitePhotoDiode_1: autoDraw = False
1193.9864 	EXP 	whitePhotoDiode_1: autoDraw = True
1194.1865 	EXP 	whitePhotoDiode_1: autoDraw = False
1196.1198 	EXP 	whitePhotoDiode_1: autoDraw = True
1196.3198 	EXP 	whitePhotoDiode_1: autoDraw = False
1196.7864 	EXP 	blackPhotoDiodeBox: autoDraw = False
1196.7864 	EXP 	whitePhotoDiode_1: autoDraw = False
1196.7864 	EXP 	breathCountOnScreen: autoDraw = False
1196.7864 	EXP 	text: autoDraw = True
1196.7864 	EXP 	typedDisplay: autoDraw = True
1199.3626 	DATA 	Keypress: 4
1199.9627 	DATA 	Keypress: 1
1201.3404 	DATA 	Keypress: return
1201.3529 	EXP 	text: autoDraw = False
1201.3529 	EXP 	typedDisplay: autoDraw = False
1201.3529 	EXP 	text_2: autoDraw = True
1206.3530 	EXP 	text_2: autoDraw = False
1206.3530 	EXP 	text_2: autoDraw = False
1206.3533 	EXP 	mindfulBreathing: status = STOPPED
