6.4335 	WARNING 	User requested fullscreen with size [1024  768], but screen is actually [2880, 1920]. Using actual size
7.2196 	EXP 	Created window1 = Window(allowGUI=False, allowStencil=False, autoLog=True, backendConf=UNKNOWN, backgroundFit=<method-wrapper '__getattribute__' of attributeSetter object at 0x000001870EC99960>, backgroundImage=<method-wrapper '__getattribute__' of attributeSetter object at 0x000001870EC999C0>, bitsMode=UNKNOWN, blendMode='avg', bpc=(8, 8, 8), color=array([0, 0, 0]), colorSpace='rgb', depthBits=8, fullscr=True, gamma=None, gammaErrorPolicy='raise', infoMsg=UNKNOWN, lms=UNKNOWN, monitor=<psychopy.monitors.calibTools.Monitor object at 0x000001870ED71930>, multiSample=False, name='window1', numSamples=2, pos=[0.0, 0.0], screen=0, size=array([2880, 1920]), stencilBits=0, stereo=False, title='PsychoPy', units='height', useFBO=True, useRetina=False, viewOri=0.0, viewPos=None, viewScale=None, waitBlanking=True, winType='pyglet')
7.2196 	EXP 	window1: backgroundImage = ''
7.2197 	EXP 	window1: backgroundFit = 'none'
7.3823 	EXP 	window1: Attempting to measure frame rate of screen (0) ...
7.3823 	EXP 	window1: recordFrameIntervals = False
7.5444 	EXP 	window1: recordFrameIntervals = True
7.7283 	EXP 	Screen (0) actual frame rate measured at 60.05Hz
7.7283 	EXP 	window1: recordFrameIntervals = False
11.2688 	EXP 	restAudioBookTask: status = STARTED
11.4120 	EXP 	Created instructionText = TextStim(__class__=<class 'psychopy.visual.text.TextStim'>, alignHoriz=method-wrapper(...), alignText='center', alignVert=method-wrapper(...), anchorHoriz='center', anchorVert='center', antialias=True, autoDraw=False, autoLog=True, bold=False, color=array([1., 1., 1.]), colorSpace='rgb', contrast=1.0, depth=0.0, draggable=False, flipHoriz=False, flipVert=False, font='Open Sans', fontFiles=[], height=0.05, italic=False, languageStyle='LTR', name='instructionText', opacity=1, ori=0.0, pos=array([0., 0.]), rgb=UNKNOWN, text=str(...), units='height', win=Window(...), wrapWidth=1)
11.7836 	EXP 	Sound audioRecording set volume 1.000
11.7849 	EXP 	Created blackPhotoDiodeBox = Rect(__class__=<class 'psychopy.visual.rect.Rect'>, anchor=('center', 'center'), autoDraw=False, autoLog=True, closeShape=True, color=method-wrapper(...), colorSpace='rgb', contrast=None, depth=-5.0, draggable=False, fillColor=array([-1, -1, -1]), fillColorSpace='rgb', fillRGB=array([-1, -1, -1]), interpolate=True, lineColor=array([-1., -1., -1.]), lineColorSpace='rgb', lineRGB=array([-1, -1, -1]), lineWidth=1.0, name='blackPhotoDiodeBox', opacity=1, ori=0.0, pos=array([-0.7 ,  0.45]), size=array([0.1, 0.1]), units='height', vertices=ndarray(...), win=Window(...))
11.7861 	EXP 	Created whitePhotoDiode_1 = Rect(__class__=<class 'psychopy.visual.rect.Rect'>, anchor=('center', 'center'), autoDraw=False, autoLog=True, closeShape=True, color=method-wrapper(...), colorSpace='rgb', contrast=None, depth=-6.0, draggable=False, fillColor=array([1, 1, 1]), fillColorSpace='rgb', fillRGB=array([1, 1, 1]), interpolate=True, lineColor=array([0., 0., 0.]), lineColorSpace='rgb', lineRGB=array([0, 0, 0]), lineWidth=1.0, name='whitePhotoDiode_1', opacity=1, ori=0.0, pos=array([-0.7 ,  0.45]), size=array([0.1, 0.1]), units='height', vertices=ndarray(...), win=Window(...))
11.7928 	EXP 	Created text = TextStim(__class__=<class 'psychopy.visual.text.TextStim'>, alignHoriz=method-wrapper(...), alignText='center', alignVert=method-wrapper(...), anchorHoriz='center', anchorVert='center', antialias=True, autoDraw=False, autoLog=True, bold=False, color=array([1., 1., 1.]), colorSpace='rgb', contrast=1.0, depth=0.0, draggable=False, flipHoriz=False, flipVert=False, font='Open Sans', fontFiles=[], height=0.05, italic=False, languageStyle='LTR', name='text', opacity=1, ori=0.0, pos=array([0., 0.]), rgb=UNKNOWN, text='Thank you for participating :)', units='height', win=Window(...), wrapWidth=1)
0.0077 	EXP 	instructionText: autoDraw = True
1.4816 	EXP 	Sound audioRecording reached end of file
1.4850 	EXP 	Sound audioRecording started
1.4836 	DATA 	Keypress: space
1.4862 	EXP 	instructionText: autoDraw = False
1.4862 	EXP 	whitePhotoDiode_1: fillColor = <psychopy.colors.Color: white, alpha=1.0>
1.4862 	EXP 	blackPhotoDiodeBox: autoDraw = True
3.2846 	EXP 	whitePhotoDiode_1: autoDraw = True
3.4851 	EXP 	whitePhotoDiode_1: autoDraw = False
6.1182 	EXP 	whitePhotoDiode_1: autoDraw = True
6.3179 	EXP 	whitePhotoDiode_1: autoDraw = False
8.8849 	EXP 	whitePhotoDiode_1: autoDraw = True
9.0849 	EXP 	whitePhotoDiode_1: autoDraw = False
11.1848 	EXP 	whitePhotoDiode_1: autoDraw = True
11.3849 	EXP 	whitePhotoDiode_1: autoDraw = False
12.7872 	DATA 	Keypress: escape
12.8528 	EXP 	restAudioBookTask: status = STOPPED
12.8681 	EXP 	blackPhotoDiodeBox: autoDraw = False
12.8682 	EXP 	restAudioBookTask: status = STOPPED
